Log file open, 04/05/19 16:59:24
LogWindows: Failed to load 'aqProf.dll' (GetLastError=126)
LogWindows: File 'aqProf.dll' does not exist
LogWindows: Failed to load 'VtuneApi.dll' (GetLastError=126)
LogWindows: File 'VtuneApi.dll' does not exist
LogWindows: Failed to load 'VtuneApi32e.dll' (GetLastError=126)
LogWindows: File 'VtuneApi32e.dll' does not exist
LogConsoleResponse: Display: Failed to find resolution value strings in scalability ini. Falling back to default.
LogInit: Display: Running engine for game: AdvancedLocomotionSystemV
LogPakFile: Registered encryption key '00000000000000000000000000000000': 0 pak files mounted, 0 remain pending
LogPlatformFile: Not using cached read wrapper
LogTaskGraph: Started task graph with 5 named threads and 14 total threads with 3 sets of task threads.
LogStats: Stats thread started at 0.170140
LogD3D11RHI: Loaded GFSDK_Aftermath_Lib.x64.dll
LogWindows: Failed to load '../../../Engine/Binaries/ThirdParty/libsndfile/Win64/libsndfile-1.dll' (GetLastError=126)
LogWindows: File '../../../Engine/Binaries/ThirdParty/libsndfile/Win64/libsndfile-1.dll' does not exist
LogAudioMixer: Display: Failed to load Sound File dll
LogAudioEditor: Display: LibSoundFile failed to load. Importing audio will not work correctly.
LogICUInternationalization: ICU TimeZone Detection - Raw Offset: +0:00, Platform Override: ''
LogPluginManager: Mounting plugin Paper2D
LogPluginManager: Mounting plugin AISupport
LogPluginManager: Mounting plugin LightPropagationVolume
LogPluginManager: Mounting plugin ActorLayerUtilities
LogPluginManager: Mounting plugin AnimationSharing
LogPluginManager: Mounting plugin CLionSourceCodeAccess
LogPluginManager: Mounting plugin CodeLiteSourceCodeAccess
LogPluginManager: Mounting plugin GitSourceControl
LogPluginManager: Mounting plugin KDevelopSourceCodeAccess
LogPluginManager: Mounting plugin NullSourceCodeAccess
LogPluginManager: Mounting plugin PerforceSourceControl
LogPluginManager: Mounting plugin SubversionSourceControl
LogPluginManager: Mounting plugin UObjectPlugin
LogPluginManager: Mounting plugin VisualStudioCodeSourceCodeAccess
LogPluginManager: Mounting plugin VisualStudioSourceCodeAccess
LogPluginManager: Mounting plugin XCodeSourceCodeAccess
LogPluginManager: Mounting plugin AssetManagerEditor
LogPluginManager: Mounting plugin CryptoKeys
LogPluginManager: Mounting plugin DataValidation
LogPluginManager: Mounting plugin FacialAnimation
LogPluginManager: Mounting plugin GameplayTagsEditor
LogPluginManager: Mounting plugin MacGraphicsSwitching
LogPluginManager: Mounting plugin MaterialAnalyzer
LogPluginManager: Mounting plugin MobileLauncherProfileWizard
LogPluginManager: Mounting plugin PluginBrowser
LogPluginManager: Mounting plugin SpeedTreeImporter
LogPluginManager: Mounting plugin DatasmithContent
LogPluginManager: Mounting plugin VariantManagerContent
LogPluginManager: Mounting plugin AlembicImporter
LogPluginManager: Mounting plugin AppleImageUtils
LogPluginManager: Mounting plugin AppleVision
LogPluginManager: Mounting plugin BackChannel
LogPluginManager: Mounting plugin CharacterAI
LogPluginManager: Mounting plugin GeometryCache
LogPluginManager: Mounting plugin HTML5Networking
LogPluginManager: Mounting plugin ProxyLODPlugin
LogPluginManager: Mounting plugin SkeletalReduction
LogPluginManager: Mounting plugin MagicLeap
LogPluginManager: Mounting plugin MagicLeapMedia
LogPluginManager: Mounting plugin AndroidMedia
LogPluginManager: Mounting plugin AvfMedia
LogPluginManager: Mounting plugin ImgMedia
LogPluginManager: Mounting plugin LinearTimecode
LogPluginManager: Mounting plugin MediaCompositing
LogPluginManager: Mounting plugin MediaPlayerEditor
LogPluginManager: Mounting plugin WebMMedia
LogPluginManager: Mounting plugin WmfMedia
LogPluginManager: Mounting plugin TcpMessaging
LogPluginManager: Mounting plugin UdpMessaging
LogPluginManager: Mounting plugin ActorSequence
LogPluginManager: Mounting plugin LevelSequenceEditor
LogPluginManager: Mounting plugin MatineeToLevelSequence
LogPluginManager: Mounting plugin NetcodeUnitTest
LogPluginManager: Mounting plugin NUTUnrealEngine4
LogPluginManager: Mounting plugin OnlineSubsystemGooglePlay
LogPluginManager: Mounting plugin OnlineSubsystemIOS
LogPluginManager: Mounting plugin OnlineSubsystem
LogPluginManager: Mounting plugin OnlineSubsystemNull
LogPluginManager: Mounting plugin OnlineSubsystemUtils
LogPluginManager: Mounting plugin LauncherChunkInstaller
LogPluginManager: Mounting plugin AndroidDeviceProfileSelector
LogPluginManager: Mounting plugin AndroidMoviePlayer
LogPluginManager: Mounting plugin AndroidPermission
LogPluginManager: Mounting plugin AppleMoviePlayer
LogPluginManager: Mounting plugin ArchVisCharacter
LogPluginManager: Mounting plugin AudioCapture
LogPluginManager: Mounting plugin CableComponent
LogPluginManager: Mounting plugin CustomMeshComponent
LogPluginManager: Mounting plugin EditableMesh
LogPluginManager: Mounting plugin ExampleDeviceProfileSelector
LogPluginManager: Mounting plugin Firebase
LogPluginManager: Mounting plugin GoogleCloudMessaging
LogPluginManager: Mounting plugin IOSDeviceProfileSelector
LogPluginManager: Mounting plugin LinuxDeviceProfileSelector
LogPluginManager: Mounting plugin LocationServicesBPLibrary
LogPluginManager: Mounting plugin MobilePatchingUtils
LogPluginManager: Mounting plugin OculusVR
LogPluginManager: Mounting plugin PhysXVehicles
LogPluginManager: Mounting plugin ProceduralMeshComponent
LogPluginManager: Mounting plugin RuntimePhysXCooking
LogPluginManager: Mounting plugin SignificanceManager
LogPluginManager: Mounting plugin SteamVR
LogPluginManager: Mounting plugin WebMMoviePlayer
LogPluginManager: Mounting plugin WindowsMoviePlayer
LogInit: Using libcurl 7.55.1-DEV
LogInit:  - built for x86_64-pc-win32
LogInit:  - supports SSL with OpenSSL/1.1.1
LogInit:  - supports HTTP deflate (compression) using libz 1.2.8
LogInit:  - other features:
LogInit:      CURL_VERSION_SSL
LogInit:      CURL_VERSION_LIBZ
LogInit:      CURL_VERSION_IPV6
LogInit:      CURL_VERSION_ASYNCHDNS
LogInit:      CURL_VERSION_LARGEFILE
LogInit:      CURL_VERSION_IDN
LogInit:  CurlRequestOptions (configurable via config and command line):
LogInit:  - bVerifyPeer = true  - Libcurl will verify peer certificate
LogInit:  - bUseHttpProxy = false  - Libcurl will NOT use HTTP proxy
LogInit:  - bDontReuseConnections = false  - Libcurl will reuse connections
LogInit:  - MaxHostConnections = 16  - Libcurl will limit the number of connections to a host
LogInit:  - LocalHostAddr = Default
LogInit:  - BufferSize = 65536
LogInit: WinSock: version 1.1 (2.2), MaxSocks=32767, MaxUdp=65467
LogInit: Build: ++UE4+Release-4.22-CL-5660361
LogInit: Engine Version: 4.22.0-5660361+++UE4+Release-4.22
LogInit: Compatible Engine Version: 4.22.0-5660361+++UE4+Release-4.22
LogInit: Net CL: 5660361
LogInit: OS: Windows 7 (Service Pack 1), CPU:         Intel(R) Core(TM) i5-2500 CPU @ 3.30GHz, GPU: AMD Radeon HD 5450
LogInit: Compiled (64-bit): Mar 31 2019 02:05:09
LogInit: Compiled with Visual C++: 19.16.27025.01
LogInit: Build Configuration: Development
LogInit: Branch Name: ++UE4+Release-4.22
LogInit: Command Line:  -EpicPortal -epicusername=anuragbisht91 -epicuserid=9e80e7d875404a2cbb1729f7fbc2d501 -epiclocale=en-GB
LogInit: Base Directory: C:/Program Files/Epic Games/UE_4.22/Engine/Binaries/Win64/
LogInit: Installed Engine Build: 1
LogDevObjectVersion: Number of dev versions registered: 23
LogDevObjectVersion:   Dev-Blueprints (B0D832E4-1F89-4F0D-ACCF-7EB736FD4AA2): 10
LogDevObjectVersion:   Dev-Build (E1C64328-A22C-4D53-A36C-8E866417BD8C): 0
LogDevObjectVersion:   Dev-Core (375EC13C-06E4-48FB-B500-84F0262A717E): 3
LogDevObjectVersion:   Dev-Editor (E4B068ED-F494-42E9-A231-DA0B2E46BB41): 30
LogDevObjectVersion:   Dev-Framework (CFFC743F-43B0-4480-9391-14DF171D2073): 35
LogDevObjectVersion:   Dev-Mobile (B02B49B5-BB20-44E9-A304-32B752E40360): 2
LogDevObjectVersion:   Dev-Networking (A4E4105C-59A1-49B5-A7C5-40C4547EDFEE): 0
LogDevObjectVersion:   Dev-Online (39C831C9-5AE6-47DC-9A44-9C173E1C8E7C): 0
LogDevObjectVersion:   Dev-Physics (78F01B33-EBEA-4F98-B9B4-84EACCB95AA2): 0
LogDevObjectVersion:   Dev-Platform (6631380F-2D4D-43E0-8009-CF276956A95A): 0
LogDevObjectVersion:   Dev-Rendering (12F88B9F-8875-4AFC-A67C-D90C383ABD29): 28
LogDevObjectVersion:   Dev-Sequencer (7B5AE74C-D270-4C10-A958-57980B212A5A): 11
LogDevObjectVersion:   Dev-VR (D7296918-1DD6-4BDD-9DE2-64A83CC13884): 2
LogDevObjectVersion:   Dev-LoadTimes (C2A15278-BFE7-4AFE-6C17-90FF531DF755): 1
LogDevObjectVersion:   Private-Geometry (6EACA3D4-40EC-4CC1-B786-8BED09428FC5): 3
LogDevObjectVersion:   Dev-AnimPhys (29E575DD-E0A3-4627-9D10-D276232CDCEA): 17
LogDevObjectVersion:   Dev-Anim (AF43A65D-7FD3-4947-9873-3E8ED9C1BB05): 2
LogDevObjectVersion:   Dev-ReflectionCapture (6B266CEC-1EC7-4B8F-A30B-E4D90942FC07): 1
LogDevObjectVersion:   Dev-Automation (0DF73D61-A23F-47EA-B727-89E90C41499A): 1
LogDevObjectVersion:   FortniteMain (601D1886-AC64-4F84-AA16-D3DE0DEAC7D6): 25
LogDevObjectVersion:   Dev-Enterprise (9DFFBCD6-494F-0158-E221-12823C92A888): 6
LogDevObjectVersion:   Dev-Niagara (F2AED0AC-9AFE-416F-8664-AA7FFA26D6FC): 1
LogDevObjectVersion:   Dev-Destruction (174F1F0B-B4C6-45A5-B13F-2EE8D0FB917D): 2
LogInit: Presizing for max 16777216 objects, including 0 objects not considered by GC, pre-allocating 0 bytes for permanent pool.
LogInit: Object subsystem initialized
LogConfig: Setting CVar [[con.DebugEarlyDefault:1]]
LogConfig: Setting CVar [[r.setres:1280x720]]
[2019.04.05-15.59.25:048][  0]LogConfig: Setting CVar [[r.VSync:0]]
[2019.04.05-15.59.25:048][  0]LogConfig: Setting CVar [[r.RHICmdBypass:0]]
[2019.04.05-15.59.25:048][  0]LogConfig: Applying CVar settings from Section [/Script/Engine.RendererSettings] File [C:/Users/games/Documents/Unreal Projects/AdvancedLocomotionSystemV/Saved/Config/Windows/Engine.ini]
[2019.04.05-15.59.25:049][  0]LogConfig: Setting CVar [[r.GPUCrashDebugging:0]]
[2019.04.05-15.59.25:049][  0]LogConfig: Setting CVar [[r.DefaultFeature.MotionBlur:0]]
[2019.04.05-15.59.25:049][  0]LogConfig: Setting CVar [[r.DefaultFeature.AntiAliasing:1]]
[2019.04.05-15.59.25:049][  0]LogConfig: Applying CVar settings from Section [/Script/Engine.RendererOverrideSettings] File [C:/Users/games/Documents/Unreal Projects/AdvancedLocomotionSystemV/Saved/Config/Windows/Engine.ini]
[2019.04.05-15.59.25:049][  0]LogConfig: Applying CVar settings from Section [/Script/Engine.StreamingSettings] File [C:/Users/games/Documents/Unreal Projects/AdvancedLocomotionSystemV/Saved/Config/Windows/Engine.ini]
[2019.04.05-15.59.25:049][  0]LogConfig: Setting CVar [[s.MinBulkDataSizeForAsyncLoading:131072]]
[2019.04.05-15.59.25:049][  0]LogConfig: Setting CVar [[s.AsyncLoadingThreadEnabled:0]]
[2019.04.05-15.59.25:049][  0]LogConfig: Setting CVar [[s.EventDrivenLoaderEnabled:1]]
[2019.04.05-15.59.25:049][  0]LogConfig: Setting CVar [[s.WarnIfTimeLimitExceeded:0]]
[2019.04.05-15.59.25:049][  0]LogConfig: Setting CVar [[s.TimeLimitExceededMultiplier:1.5]]
[2019.04.05-15.59.25:049][  0]LogConfig: Setting CVar [[s.TimeLimitExceededMinTime:0.005]]
[2019.04.05-15.59.25:049][  0]LogConfig: Setting CVar [[s.UseBackgroundLevelStreaming:1]]
[2019.04.05-15.59.25:049][  0]LogConfig: Setting CVar [[s.PriorityAsyncLoadingExtraTime:15.0]]
[2019.04.05-15.59.25:049][  0]LogConfig: Setting CVar [[s.LevelStreamingActorsUpdateTimeLimit:5.0]]
[2019.04.05-15.59.25:049][  0]LogConfig: Setting CVar [[s.PriorityLevelStreamingActorsUpdateExtraTime:5.0]]
[2019.04.05-15.59.25:049][  0]LogConfig: Setting CVar [[s.LevelStreamingComponentsRegistrationGranularity:10]]
[2019.04.05-15.59.25:049][  0]LogConfig: Setting CVar [[s.UnregisterComponentsTimeLimit:1.0]]
[2019.04.05-15.59.25:049][  0]LogConfig: Setting CVar [[s.LevelStreamingComponentsUnregistrationGranularity:5]]
[2019.04.05-15.59.25:049][  0]LogConfig: Applying CVar settings from Section [/Script/Engine.GarbageCollectionSettings] File [C:/Users/games/Documents/Unreal Projects/AdvancedLocomotionSystemV/Saved/Config/Windows/Engine.ini]
[2019.04.05-15.59.25:049][  0]LogConfig: Setting CVar [[gc.MaxObjectsNotConsideredByGC:1]]
[2019.04.05-15.59.25:049][  0]LogConfig: Setting CVar [[gc.SizeOfPermanentObjectPool:0]]
[2019.04.05-15.59.25:049][  0]LogConfig: Setting CVar [[gc.FlushStreamingOnGC:0]]
[2019.04.05-15.59.25:049][  0]LogConfig: Setting CVar [[gc.NumRetriesBeforeForcingGC:10]]
[2019.04.05-15.59.25:049][  0]LogConfig: Setting CVar [[gc.AllowParallelGC:1]]
[2019.04.05-15.59.25:049][  0]LogConfig: Setting CVar [[gc.TimeBetweenPurgingPendingKillObjects:61.1]]
[2019.04.05-15.59.25:049][  0]LogConfig: Setting CVar [[gc.MaxObjectsInEditor:16777216]]
[2019.04.05-15.59.25:049][  0]LogConfig: Setting CVar [[gc.IncrementalBeginDestroyEnabled:1]]
[2019.04.05-15.59.25:049][  0]LogConfig: Setting CVar [[gc.CreateGCClusters:1]]
[2019.04.05-15.59.25:049][  0]LogConfig: Setting CVar [[gc.MinGCClusterSize:5]]
[2019.04.05-15.59.25:049][  0]LogConfig: Setting CVar [[gc.ActorClusteringEnabled:0]]
[2019.04.05-15.59.25:049][  0]LogConfig: Setting CVar [[gc.BlueprintClusteringEnabled:0]]
[2019.04.05-15.59.25:049][  0]LogConfig: Setting CVar [[gc.UseDisregardForGCOnDedicatedServers:0]]
[2019.04.05-15.59.25:049][  0]LogConfig: Applying CVar settings from Section [/Script/Engine.NetworkSettings] File [C:/Users/games/Documents/Unreal Projects/AdvancedLocomotionSystemV/Saved/Config/Windows/Engine.ini]
[2019.04.05-15.59.25:049][  0]LogConfig: Applying CVar settings from Section [/Script/UnrealEd.CookerSettings] File [C:/Users/games/Documents/Unreal Projects/AdvancedLocomotionSystemV/Saved/Config/Windows/Engine.ini]
[2019.04.05-15.59.25:051][  0]LogConfig: Applying CVar settings from Section [ViewDistanceQuality@3] File [C:/Users/games/Documents/Unreal Projects/AdvancedLocomotionSystemV/Saved/Config/Windows/Scalability.ini]
[2019.04.05-15.59.25:051][  0]LogConfig: Setting CVar [[r.SkeletalMeshLODBias:0]]
[2019.04.05-15.59.25:051][  0]LogConfig: Setting CVar [[r.ViewDistanceScale:1.0]]
[2019.04.05-15.59.25:051][  0]LogConfig: Applying CVar settings from Section [AntiAliasingQuality@3] File [C:/Users/games/Documents/Unreal Projects/AdvancedLocomotionSystemV/Saved/Config/Windows/Scalability.ini]
[2019.04.05-15.59.25:051][  0]LogConfig: Setting CVar [[r.PostProcessAAQuality:4]]
[2019.04.05-15.59.25:051][  0]LogConfig: Applying CVar settings from Section [ShadowQuality@3] File [C:/Users/games/Documents/Unreal Projects/AdvancedLocomotionSystemV/Saved/Config/Windows/Scalability.ini]
[2019.04.05-15.59.25:051][  0]LogConfig: Setting CVar [[r.LightFunctionQuality:1]]
[2019.04.05-15.59.25:051][  0]LogConfig: Setting CVar [[r.ShadowQuality:5]]
[2019.04.05-15.59.25:051][  0]LogConfig: Setting CVar [[r.Shadow.CSM.MaxCascades:10]]
[2019.04.05-15.59.25:051][  0]LogConfig: Setting CVar [[r.Shadow.MaxResolution:2048]]
[2019.04.05-15.59.25:051][  0]LogConfig: Setting CVar [[r.Shadow.MaxCSMResolution:2048]]
[2019.04.05-15.59.25:051][  0]LogConfig: Setting CVar [[r.Shadow.RadiusThreshold:0.01]]
[2019.04.05-15.59.25:051][  0]LogConfig: Setting CVar [[r.Shadow.DistanceScale:1.0]]
[2019.04.05-15.59.25:051][  0]LogConfig: Setting CVar [[r.Shadow.CSM.TransitionScale:1.0]]
[2019.04.05-15.59.25:051][  0]LogConfig: Setting CVar [[r.Shadow.PreShadowResolutionFactor:1.0]]
[2019.04.05-15.59.25:051][  0]LogConfig: Setting CVar [[r.DistanceFieldShadowing:1]]
[2019.04.05-15.59.25:051][  0]LogConfig: Setting CVar [[r.DistanceFieldAO:1]]
[2019.04.05-15.59.25:051][  0]LogConfig: Setting CVar [[r.AOQuality:2]]
[2019.04.05-15.59.25:051][  0]LogConfig: Setting CVar [[r.VolumetricFog:1]]
[2019.04.05-15.59.25:051][  0]LogConfig: Setting CVar [[r.VolumetricFog.GridPixelSize:8]]
[2019.04.05-15.59.25:051][  0]LogConfig: Setting CVar [[r.VolumetricFog.GridSizeZ:128]]
[2019.04.05-15.59.25:051][  0]LogConfig: Setting CVar [[r.VolumetricFog.HistoryMissSupersampleCount:4]]
[2019.04.05-15.59.25:051][  0]LogConfig: Setting CVar [[r.LightMaxDrawDistanceScale:1]]
[2019.04.05-15.59.25:051][  0]LogConfig: Setting CVar [[r.CapsuleShadows:1]]
[2019.04.05-15.59.25:051][  0]LogConfig: Applying CVar settings from Section [PostProcessQuality@3] File [C:/Users/games/Documents/Unreal Projects/AdvancedLocomotionSystemV/Saved/Config/Windows/Scalability.ini]
[2019.04.05-15.59.25:051][  0]LogConfig: Setting CVar [[r.MotionBlurQuality:4]]
[2019.04.05-15.59.25:051][  0]LogConfig: Setting CVar [[r.AmbientOcclusionMipLevelFactor:0.4]]
[2019.04.05-15.59.25:051][  0]LogConfig: Setting CVar [[r.AmbientOcclusionMaxQuality:100]]
[2019.04.05-15.59.25:051][  0]LogConfig: Setting CVar [[r.AmbientOcclusionLevels:-1]]
[2019.04.05-15.59.25:051][  0]LogConfig: Setting CVar [[r.AmbientOcclusionRadiusScale:1.0]]
[2019.04.05-15.59.25:051][  0]LogConfig: Setting CVar [[r.DepthOfFieldQuality:2]]
[2019.04.05-15.59.25:051][  0]LogConfig: Setting CVar [[r.RenderTargetPoolMin:400]]
[2019.04.05-15.59.25:051][  0]LogConfig: Setting CVar [[r.LensFlareQuality:2]]
[2019.04.05-15.59.25:051][  0]LogConfig: Setting CVar [[r.SceneColorFringeQuality:1]]
[2019.04.05-15.59.25:051][  0]LogConfig: Setting CVar [[r.EyeAdaptationQuality:2]]
[2019.04.05-15.59.25:051][  0]LogConfig: Setting CVar [[r.BloomQuality:5]]
[2019.04.05-15.59.25:051][  0]LogConfig: Setting CVar [[r.FastBlurThreshold:100]]
[2019.04.05-15.59.25:051][  0]LogConfig: Setting CVar [[r.Upscale.Quality:3]]
[2019.04.05-15.59.25:051][  0]LogConfig: Setting CVar [[r.Tonemapper.GrainQuantization:1]]
[2019.04.05-15.59.25:051][  0]LogConfig: Setting CVar [[r.LightShaftQuality:1]]
[2019.04.05-15.59.25:051][  0]LogConfig: Setting CVar [[r.Filter.SizeScale:1]]
[2019.04.05-15.59.25:052][  0]LogConfig: Setting CVar [[r.Tonemapper.Quality:5]]
[2019.04.05-15.59.25:052][  0]LogConfig: Setting CVar [[r.DOF.Gather.AccumulatorQuality:1        ; higher gathering accumulator quality]]
[2019.04.05-15.59.25:052][  0]LogConfig: Setting CVar [[r.DOF.Gather.PostfilterMethod:1          ; Median3x3 postfilering method]]
[2019.04.05-15.59.25:052][  0]LogConfig: Setting CVar [[r.DOF.Gather.EnableBokehSettings:0       ; no bokeh simulation when gathering]]
[2019.04.05-15.59.25:052][  0]LogConfig: Setting CVar [[r.DOF.Gather.RingCount:4                 ; medium number of samples when gathering]]
[2019.04.05-15.59.25:052][  0]LogConfig: Setting CVar [[r.DOF.Scatter.ForegroundCompositing:1    ; additive foreground scattering]]
[2019.04.05-15.59.25:052][  0]LogConfig: Setting CVar [[r.DOF.Scatter.BackgroundCompositing:2    ; additive background scattering]]
[2019.04.05-15.59.25:052][  0]LogConfig: Setting CVar [[r.DOF.Scatter.EnableBokehSettings:1      ; bokeh simulation when scattering]]
[2019.04.05-15.59.25:052][  0]LogConfig: Setting CVar [[r.DOF.Scatter.MaxSpriteRatio:0.1         ; only a maximum of 10% of scattered bokeh]]
[2019.04.05-15.59.25:052][  0]LogConfig: Setting CVar [[r.DOF.Recombine.Quality:1                ; cheap slight out of focus]]
[2019.04.05-15.59.25:052][  0]LogConfig: Setting CVar [[r.DOF.Recombine.EnableBokehSettings:0    ; no bokeh simulation on slight out of focus]]
[2019.04.05-15.59.25:052][  0]LogConfig: Setting CVar [[r.DOF.TemporalAAQuality:1                ; more stable temporal accumulation]]
[2019.04.05-15.59.25:052][  0]LogConfig: Setting CVar [[r.DOF.Kernel.MaxForegroundRadius:0.025]]
[2019.04.05-15.59.25:052][  0]LogConfig: Setting CVar [[r.DOF.Kernel.MaxBackgroundRadius:0.025]]
[2019.04.05-15.59.25:052][  0]LogConfig: Applying CVar settings from Section [TextureQuality@3] File [C:/Users/games/Documents/Unreal Projects/AdvancedLocomotionSystemV/Saved/Config/Windows/Scalability.ini]
[2019.04.05-15.59.25:052][  0]LogConfig: Setting CVar [[r.Streaming.MipBias:0]]
[2019.04.05-15.59.25:052][  0]LogConfig: Setting CVar [[r.Streaming.AmortizeCPUToGPUCopy:0]]
[2019.04.05-15.59.25:052][  0]LogConfig: Setting CVar [[r.Streaming.MaxNumTexturesToStreamPerFrame:0]]
[2019.04.05-15.59.25:052][  0]LogConfig: Setting CVar [[r.Streaming.Boost:1]]
[2019.04.05-15.59.25:052][  0]LogConfig: Setting CVar [[r.MaxAnisotropy:8]]
[2019.04.05-15.59.25:052][  0]LogConfig: Setting CVar [[r.Streaming.LimitPoolSizeToVRAM:0]]
[2019.04.05-15.59.25:052][  0]LogConfig: Setting CVar [[r.Streaming.PoolSize:1000]]
[2019.04.05-15.59.25:052][  0]LogConfig: Setting CVar [[r.Streaming.MaxEffectiveScreenSize:0]]
[2019.04.05-15.59.25:052][  0]LogConfig: Applying CVar settings from Section [EffectsQuality@3] File [C:/Users/games/Documents/Unreal Projects/AdvancedLocomotionSystemV/Saved/Config/Windows/Scalability.ini]
[2019.04.05-15.59.25:052][  0]LogConfig: Setting CVar [[r.TranslucencyLightingVolumeDim:64]]
[2019.04.05-15.59.25:052][  0]LogConfig: Setting CVar [[r.RefractionQuality:2]]
[2019.04.05-15.59.25:052][  0]LogConfig: Setting CVar [[r.SSR.Quality:3]]
[2019.04.05-15.59.25:052][  0]LogConfig: Setting CVar [[r.SceneColorFormat:4]]
[2019.04.05-15.59.25:052][  0]LogConfig: Setting CVar [[r.DetailMode:2]]
[2019.04.05-15.59.25:052][  0]LogConfig: Setting CVar [[r.TranslucencyVolumeBlur:1]]
[2019.04.05-15.59.25:052][  0]LogConfig: Setting CVar [[r.MaterialQualityLevel:1 ; High quality]]
[2019.04.05-15.59.25:052][  0]LogConfig: Setting CVar [[r.SSS.Scale:1]]
[2019.04.05-15.59.25:052][  0]LogConfig: Setting CVar [[r.SSS.SampleSet:2]]
[2019.04.05-15.59.25:052][  0]LogConfig: Setting CVar [[r.SSS.Quality:1]]
[2019.04.05-15.59.25:052][  0]LogConfig: Setting CVar [[r.SSS.HalfRes:1]]
[2019.04.05-15.59.25:052][  0]LogConfig: Setting CVar [[r.EmitterSpawnRateScale:1.0]]
[2019.04.05-15.59.25:052][  0]LogConfig: Setting CVar [[r.ParticleLightQuality:2]]
[2019.04.05-15.59.25:052][  0]LogConfig: Applying CVar settings from Section [FoliageQuality@3] File [C:/Users/games/Documents/Unreal Projects/AdvancedLocomotionSystemV/Saved/Config/Windows/Scalability.ini]
[2019.04.05-15.59.25:052][  0]LogConfig: Setting CVar [[foliage.DensityScale:1.0]]
[2019.04.05-15.59.25:052][  0]LogConfig: Setting CVar [[grass.DensityScale:1.0]]
[2019.04.05-15.59.25:052][  0]LogInit: Selected Device Profile: [Windows]
[2019.04.05-15.59.25:052][  0]LogInit: Applying CVar settings loaded from the selected device profile: [Windows]
[2019.04.05-15.59.25:063][  0]LogHAL: Display: Platform has ~ 8 GB [8544899072 / 8589934592 / 8], which maps to Default [LargestMinGB=32, LargerMinGB=12, DefaultMinGB=8, SmallerMinGB=6, SmallestMinGB=0)
[2019.04.05-15.59.25:063][  0]LogConfig: Setting CVar [[r.Vulkan.UseRealUBs:0		; Required until we fix HLR fall-out]]
[2019.04.05-15.59.25:063][  0]LogInit: Going up to parent DeviceProfile []
[2019.04.05-15.59.25:064][  0]LogConfig: Applying CVar settings from Section [ViewDistanceQuality@0] File [C:/Users/games/Documents/Unreal Projects/AdvancedLocomotionSystemV/Saved/Config/Windows/Scalability.ini]
[2019.04.05-15.59.25:064][  0]LogConfig: Setting CVar [[r.SkeletalMeshLODBias:2]]
[2019.04.05-15.59.25:064][  0]LogConfig: Setting CVar [[r.ViewDistanceScale:0.4]]
[2019.04.05-15.59.25:064][  0]LogConfig: Applying CVar settings from Section [AntiAliasingQuality@0] File [C:/Users/games/Documents/Unreal Projects/AdvancedLocomotionSystemV/Saved/Config/Windows/Scalability.ini]
[2019.04.05-15.59.25:064][  0]LogConfig: Setting CVar [[r.PostProcessAAQuality:0]]
[2019.04.05-15.59.25:064][  0]LogConfig: Applying CVar settings from Section [ShadowQuality@0] File [C:/Users/games/Documents/Unreal Projects/AdvancedLocomotionSystemV/Saved/Config/Windows/Scalability.ini]
[2019.04.05-15.59.25:064][  0]LogConfig: Setting CVar [[r.LightFunctionQuality:0]]
[2019.04.05-15.59.25:064][  0]LogConfig: Setting CVar [[r.ShadowQuality:0]]
[2019.04.05-15.59.25:064][  0]LogConfig: Setting CVar [[r.Shadow.CSM.MaxCascades:1]]
[2019.04.05-15.59.25:064][  0]LogConfig: Setting CVar [[r.Shadow.MaxResolution:512]]
[2019.04.05-15.59.25:064][  0]LogConfig: Setting CVar [[r.Shadow.MaxCSMResolution:512]]
[2019.04.05-15.59.25:064][  0]LogConfig: Setting CVar [[r.Shadow.RadiusThreshold:0.06]]
[2019.04.05-15.59.25:064][  0]LogConfig: Setting CVar [[r.Shadow.DistanceScale:0.6]]
[2019.04.05-15.59.25:064][  0]LogConfig: Setting CVar [[r.Shadow.CSM.TransitionScale:0]]
[2019.04.05-15.59.25:064][  0]LogConfig: Setting CVar [[r.Shadow.PreShadowResolutionFactor:0.5]]
[2019.04.05-15.59.25:064][  0]LogConfig: Setting CVar [[r.DistanceFieldShadowing:0]]
[2019.04.05-15.59.25:064][  0]LogConfig: Setting CVar [[r.DistanceFieldAO:0]]
[2019.04.05-15.59.25:064][  0]LogConfig: Setting CVar [[r.VolumetricFog:0]]
[2019.04.05-15.59.25:064][  0]LogConfig: Setting CVar [[r.LightMaxDrawDistanceScale:0]]
[2019.04.05-15.59.25:064][  0]LogConfig: Setting CVar [[r.CapsuleShadows:0]]
[2019.04.05-15.59.25:064][  0]LogConfig: Applying CVar settings from Section [PostProcessQuality@0] File [C:/Users/games/Documents/Unreal Projects/AdvancedLocomotionSystemV/Saved/Config/Windows/Scalability.ini]
[2019.04.05-15.59.25:064][  0]LogConfig: Setting CVar [[r.MotionBlurQuality:0]]
[2019.04.05-15.59.25:064][  0]LogConfig: Setting CVar [[r.AmbientOcclusionMipLevelFactor:1.0]]
[2019.04.05-15.59.25:064][  0]LogConfig: Setting CVar [[r.AmbientOcclusionMaxQuality:0]]
[2019.04.05-15.59.25:064][  0]LogConfig: Setting CVar [[r.AmbientOcclusionLevels:0]]
[2019.04.05-15.59.25:064][  0]LogConfig: Setting CVar [[r.AmbientOcclusionRadiusScale:1.2]]
[2019.04.05-15.59.25:064][  0]LogConfig: Setting CVar [[r.DepthOfFieldQuality:0]]
[2019.04.05-15.59.25:064][  0]LogConfig: Setting CVar [[r.RenderTargetPoolMin:300]]
[2019.04.05-15.59.25:064][  0]LogConfig: Setting CVar [[r.LensFlareQuality:0]]
[2019.04.05-15.59.25:064][  0]LogConfig: Setting CVar [[r.SceneColorFringeQuality:0]]
[2019.04.05-15.59.25:064][  0]LogConfig: Setting CVar [[r.EyeAdaptationQuality:0]]
[2019.04.05-15.59.25:064][  0]LogConfig: Setting CVar [[r.BloomQuality:4]]
[2019.04.05-15.59.25:064][  0]LogConfig: Setting CVar [[r.FastBlurThreshold:0]]
[2019.04.05-15.59.25:064][  0]LogConfig: Setting CVar [[r.Upscale.Quality:1]]
[2019.04.05-15.59.25:064][  0]LogConfig: Setting CVar [[r.Tonemapper.GrainQuantization:0]]
[2019.04.05-15.59.25:064][  0]LogConfig: Setting CVar [[r.LightShaftQuality:0]]
[2019.04.05-15.59.25:064][  0]LogConfig: Setting CVar [[r.Filter.SizeScale:0.6]]
[2019.04.05-15.59.25:064][  0]LogConfig: Setting CVar [[r.Tonemapper.Quality:0]]
[2019.04.05-15.59.25:064][  0]LogConfig: Applying CVar settings from Section [TextureQuality@0] File [C:/Users/games/Documents/Unreal Projects/AdvancedLocomotionSystemV/Saved/Config/Windows/Scalability.ini]
[2019.04.05-15.59.25:064][  0]LogConfig: Setting CVar [[r.Streaming.MipBias:16]]
[2019.04.05-15.59.25:064][  0]LogConfig: Setting CVar [[r.Streaming.AmortizeCPUToGPUCopy:1]]
[2019.04.05-15.59.25:064][  0]LogConfig: Setting CVar [[r.Streaming.MaxNumTexturesToStreamPerFrame:1]]
[2019.04.05-15.59.25:064][  0]LogConfig: Setting CVar [[r.Streaming.Boost:0.3]]
[2019.04.05-15.59.25:064][  0]LogConfig: Setting CVar [[r.MaxAnisotropy:0]]
[2019.04.05-15.59.25:064][  0]LogConfig: Setting CVar [[r.Streaming.LimitPoolSizeToVRAM:1]]
[2019.04.05-15.59.25:064][  0]LogConfig: Setting CVar [[r.Streaming.PoolSize:400]]
[2019.04.05-15.59.25:064][  0]LogConfig: Setting CVar [[r.Streaming.MaxEffectiveScreenSize:0]]
[2019.04.05-15.59.25:064][  0]LogConfig: Applying CVar settings from Section [EffectsQuality@0] File [C:/Users/games/Documents/Unreal Projects/AdvancedLocomotionSystemV/Saved/Config/Windows/Scalability.ini]
[2019.04.05-15.59.25:064][  0]LogConfig: Setting CVar [[r.TranslucencyLightingVolumeDim:24]]
[2019.04.05-15.59.25:064][  0]LogConfig: Setting CVar [[r.RefractionQuality:0]]
[2019.04.05-15.59.25:064][  0]LogConfig: Setting CVar [[r.SSR.Quality:0]]
[2019.04.05-15.59.25:064][  0]LogConfig: Setting CVar [[r.SceneColorFormat:3]]
[2019.04.05-15.59.25:064][  0]LogConfig: Setting CVar [[r.DetailMode:0]]
[2019.04.05-15.59.25:064][  0]LogConfig: Setting CVar [[r.TranslucencyVolumeBlur:0]]
[2019.04.05-15.59.25:064][  0]LogConfig: Setting CVar [[r.MaterialQualityLevel:0 ; Low quality]]
[2019.04.05-15.59.25:064][  0]LogConfig: Setting CVar [[r.SSS.Scale:0]]
[2019.04.05-15.59.25:064][  0]LogConfig: Setting CVar [[r.SSS.SampleSet:0]]
[2019.04.05-15.59.25:064][  0]LogConfig: Setting CVar [[r.SSS.Quality:0]]
[2019.04.05-15.59.25:064][  0]LogConfig: Setting CVar [[r.SSS.HalfRes:1]]
[2019.04.05-15.59.25:064][  0]LogConfig: Setting CVar [[r.EmitterSpawnRateScale:0.125]]
[2019.04.05-15.59.25:064][  0]LogConfig: Setting CVar [[r.ParticleLightQuality:0]]
[2019.04.05-15.59.25:064][  0]LogConfig: Applying CVar settings from Section [FoliageQuality@0] File [C:/Users/games/Documents/Unreal Projects/AdvancedLocomotionSystemV/Saved/Config/Windows/Scalability.ini]
[2019.04.05-15.59.25:064][  0]LogConfig: Setting CVar [[foliage.DensityScale:0]]
[2019.04.05-15.59.25:064][  0]LogConfig: Setting CVar [[grass.DensityScale:0]]
[2019.04.05-15.59.25:064][  0]LogConfig: Applying CVar settings from Section [Startup] File [../../../Engine/Config/ConsoleVariables.ini]
[2019.04.05-15.59.25:065][  0]LogConfig: Setting CVar [[net.UseAdaptiveNetUpdateFrequency:0]]
[2019.04.05-15.59.25:065][  0]LogConfig: Setting CVar [[p.chaos.AllowCreatePhysxBodies:1]]
[2019.04.05-15.59.25:065][  0]LogConfig: Applying CVar settings from Section [ConsoleVariables] File [C:/Users/games/Documents/Unreal Projects/AdvancedLocomotionSystemV/Saved/Config/Windows/Engine.ini]
[2019.04.05-15.59.25:065][  0]LogInit: Computer: CS237-02
[2019.04.05-15.59.25:065][  0]LogInit: User: games
[2019.04.05-15.59.25:065][  0]LogInit: CPU Page size=4096, Cores=4
[2019.04.05-15.59.25:065][  0]LogInit: High frequency timer resolution =3.215390 MHz
[2019.04.05-15.59.25:065][  0]LogMemory: Memory total: Physical=8.0GB (8GB approx)
[2019.04.05-15.59.25:065][  0]LogMemory: Platform Memory Stats for Windows
[2019.04.05-15.59.25:065][  0]LogMemory: Process Physical Memory: 96.77 MB used, 96.77 MB peak
[2019.04.05-15.59.25:065][  0]LogMemory: Process Virtual Memory: 86.27 MB used, 86.27 MB peak
[2019.04.05-15.59.25:065][  0]LogMemory: Physical Memory: 3191.61 MB used,  4957.44 MB free, 8149.05 MB total
[2019.04.05-15.59.25:065][  0]LogMemory: Virtual Memory: 495.65 MB used,  8388112.00 MB free, 8388608.00 MB total
[2019.04.05-15.59.25:091][  0]LogInit: Using OS detected language (en-GB).
[2019.04.05-15.59.25:091][  0]LogInit: Using OS detected locale (en-GB).
[2019.04.05-15.59.25:091][  0]LogTextLocalizationManager: No specific localization for 'en-GB' exists, so the 'en' localization will be used.
[2019.04.05-15.59.25:286][  0]LogWindows: Failed to load 'shcore.dll' (GetLastError=126)
[2019.04.05-15.59.25:286][  0]LogWindows: File 'shcore.dll' does not exist
[2019.04.05-15.59.25:286][  0]LogInit: Setting process to DPI aware
[2019.04.05-15.59.25:301][  0]LogSlate: New Slate User Created.  User Index 0, Is Virtual User: 0
[2019.04.05-15.59.25:301][  0]LogSlate: Slate User Registered.  User Index 0, Is Virtual User: 0
[2019.04.05-15.59.25:476][  0]LogHMD: Failed to initialize OpenVR with code 110
[2019.04.05-15.59.25:476][  0]LogD3D11RHI: D3D11 adapters:
[2019.04.05-15.59.25:485][  0]LogD3D11RHI:    0. 'AMD Radeon HD 5450' (Feature Level 11_0)
[2019.04.05-15.59.25:485][  0]LogD3D11RHI:       498/0/3818 MB DedicatedVideo/DedicatedSystem/SharedSystem, Outputs:1, VendorId:0x1002
[2019.04.05-15.59.25:485][  0]LogD3D11RHI: Chosen D3D11 Adapter: 0
[2019.04.05-15.59.25:489][  0]LogD3D11RHI: Creating new Direct3DDevice
[2019.04.05-15.59.25:490][  0]LogD3D11RHI:     GPU DeviceId: 0x68f9 (for the marketing name, search the web for "GPU Device Id")
[2019.04.05-15.59.25:490][  0]LogWindows: EnumDisplayDevices:
[2019.04.05-15.59.25:490][  0]LogWindows:    0. 'AMD Radeon HD 5450' (P:1 D:1)
[2019.04.05-15.59.25:490][  0]LogWindows:    1. 'AMD Radeon HD 5450' (P:0 D:0)
[2019.04.05-15.59.25:490][  0]LogWindows:    2. 'RDPDD Chained DD' (P:0 D:0)
[2019.04.05-15.59.25:490][  0]LogWindows:    3. 'RDP Encoder Mirror Driver' (P:0 D:0)
[2019.04.05-15.59.25:490][  0]LogWindows:    4. 'RDP Reflector Display Driver' (P:0 D:0)
[2019.04.05-15.59.25:491][  0]LogWindows: DebugString: GetVideoDriverDetailsInvalid PrimaryIsNotTheChoosenAdapter GetVideoDriverDetailsInvalid PrimaryIsNotTheChoosenAdapter GetVideoDriverDetailsInvalid PrimaryIsNotTheChoosenAdapter FoundDriverCount:2 
[2019.04.05-15.59.25:491][  0]LogD3D11RHI:     Adapter Name: AMD Radeon HD 5450
[2019.04.05-15.59.25:491][  0]LogD3D11RHI:   Driver Version: Catalyst 15.7.1 (internal:15.200.1062.1004, unified:15.200.1062.1004)
[2019.04.05-15.59.25:491][  0]LogD3D11RHI:      Driver Date: 8-3-2015
[2019.04.05-15.59.25:491][  0]LogRHI: Texture pool is 349 MB (70% of 498 MB)
[2019.04.05-15.59.25:509][  0]LogD3D11RHI: AMD Pre GCN architecture detected, some driver workarounds will be in place
[2019.04.05-15.59.25:517][  0]LogD3D11RHI: Async texture creation enabled
[2019.04.05-15.59.25:522][  0]LogRendererCore: FGlobalReadBuffer::InitRHI
[2019.04.05-15.59.25:522][  0]LogRendererCore: FGlobalReadBuffer::InitRHI
[2019.04.05-15.59.25:522][  0]LogRendererCore: FGlobalReadBuffer::InitRHI
[2019.04.05-15.59.25:529][  0]LogD3D11RHI: GPU Timing Frequency: 27.000000 (Debug: 2 1)
[2019.04.05-15.59.25:852][  0]LogTemp: Display: Module 'AllDesktopTargetPlatform' loaded TargetPlatform 'AllDesktop'
[2019.04.05-15.59.25:869][  0]LogTemp: Display: Module 'MacClientTargetPlatform' loaded TargetPlatform 'MacClient'
[2019.04.05-15.59.25:886][  0]LogTemp: Display: Module 'MacNoEditorTargetPlatform' loaded TargetPlatform 'MacNoEditor'
[2019.04.05-15.59.25:903][  0]LogTemp: Display: Module 'MacServerTargetPlatform' loaded TargetPlatform 'MacServer'
[2019.04.05-15.59.25:920][  0]LogTemp: Display: Module 'MacTargetPlatform' loaded TargetPlatform 'Mac'
[2019.04.05-15.59.25:937][  0]LogTemp: Display: Module 'WindowsClientTargetPlatform' loaded TargetPlatform 'WindowsClient'
[2019.04.05-15.59.25:955][  0]LogTemp: Display: Module 'WindowsNoEditorTargetPlatform' loaded TargetPlatform 'WindowsNoEditor'
[2019.04.05-15.59.25:972][  0]LogTemp: Display: Module 'WindowsServerTargetPlatform' loaded TargetPlatform 'WindowsServer'
[2019.04.05-15.59.25:979][  0]LogTemp: Display: Module 'WindowsTargetPlatform' loaded TargetPlatform 'Windows'
[2019.04.05-15.59.26:082][  0]LogTemp: Display: Module 'AndroidTargetPlatform' loaded TargetPlatform 'Android'
[2019.04.05-15.59.26:082][  0]LogTemp: Display: Module 'AndroidTargetPlatform' loaded TargetPlatform 'Android_ASTC'
[2019.04.05-15.59.26:082][  0]LogTemp: Display: Module 'AndroidTargetPlatform' loaded TargetPlatform 'Android_ATC'
[2019.04.05-15.59.26:082][  0]LogTemp: Display: Module 'AndroidTargetPlatform' loaded TargetPlatform 'Android_DXT'
[2019.04.05-15.59.26:082][  0]LogTemp: Display: Module 'AndroidTargetPlatform' loaded TargetPlatform 'Android_ETC1'
[2019.04.05-15.59.26:082][  0]LogTemp: Display: Module 'AndroidTargetPlatform' loaded TargetPlatform 'Android_ETC1a'
[2019.04.05-15.59.26:082][  0]LogTemp: Display: Module 'AndroidTargetPlatform' loaded TargetPlatform 'Android_ETC2'
[2019.04.05-15.59.26:082][  0]LogTemp: Display: Module 'AndroidTargetPlatform' loaded TargetPlatform 'Android_PVRTC'
[2019.04.05-15.59.26:082][  0]LogTemp: Display: Module 'AndroidTargetPlatform' loaded TargetPlatform 'AndroidClient'
[2019.04.05-15.59.26:082][  0]LogTemp: Display: Module 'AndroidTargetPlatform' loaded TargetPlatform 'Android_ASTCClient'
[2019.04.05-15.59.26:082][  0]LogTemp: Display: Module 'AndroidTargetPlatform' loaded TargetPlatform 'Android_ATCClient'
[2019.04.05-15.59.26:082][  0]LogTemp: Display: Module 'AndroidTargetPlatform' loaded TargetPlatform 'Android_DXTClient'
[2019.04.05-15.59.26:082][  0]LogTemp: Display: Module 'AndroidTargetPlatform' loaded TargetPlatform 'Android_ETC1Client'
[2019.04.05-15.59.26:082][  0]LogTemp: Display: Module 'AndroidTargetPlatform' loaded TargetPlatform 'Android_ETC1aClient'
[2019.04.05-15.59.26:082][  0]LogTemp: Display: Module 'AndroidTargetPlatform' loaded TargetPlatform 'Android_ETC2Client'
[2019.04.05-15.59.26:082][  0]LogTemp: Display: Module 'AndroidTargetPlatform' loaded TargetPlatform 'Android_PVRTCClient'
[2019.04.05-15.59.26:082][  0]LogTemp: Display: Module 'AndroidTargetPlatform' loaded TargetPlatform 'Android_Multi'
[2019.04.05-15.59.26:082][  0]LogTemp: Display: Module 'AndroidTargetPlatform' loaded TargetPlatform 'Android_MultiClient'
[2019.04.05-15.59.26:084][  0]LogTemp: Display: Module 'HTML5TargetPlatform' loaded TargetPlatform 'HTML5'
[2019.04.05-15.59.26:137][  0]LogTemp: Display: Module 'IOSTargetPlatform' loaded TargetPlatform 'IOSClient'
[2019.04.05-15.59.26:137][  0]LogTemp: Display: Module 'IOSTargetPlatform' loaded TargetPlatform 'IOS'
[2019.04.05-15.59.26:167][  0]LogTemp: Display: Module 'TVOSTargetPlatform' loaded TargetPlatform 'TVOSClient'
[2019.04.05-15.59.26:167][  0]LogTemp: Display: Module 'TVOSTargetPlatform' loaded TargetPlatform 'TVOS'
[2019.04.05-15.59.26:183][  0]LogTemp: Display: Module 'LinuxClientTargetPlatform' loaded TargetPlatform 'LinuxClient'
[2019.04.05-15.59.26:199][  0]LogTemp: Display: Module 'LinuxNoEditorTargetPlatform' loaded TargetPlatform 'LinuxNoEditor'
[2019.04.05-15.59.26:215][  0]LogTemp: Display: Module 'LinuxServerTargetPlatform' loaded TargetPlatform 'LinuxServer'
[2019.04.05-15.59.26:232][  0]LogTemp: Display: Module 'LinuxTargetPlatform' loaded TargetPlatform 'Linux'
[2019.04.05-15.59.26:289][  0]LogTemp: Display: Module 'LuminTargetPlatform' loaded TargetPlatform 'Lumin'
[2019.04.05-15.59.26:289][  0]LogTemp: Display: Module 'LuminTargetPlatform' loaded TargetPlatform 'LuminClient'
[2019.04.05-15.59.26:289][  0]LogTargetPlatformManager: Display: Building Assets For Windows
[2019.04.05-15.59.26:297][  0]LogAudioDebug: Display: Lib vorbis DLL was dynamically loaded.
[2019.04.05-15.59.26:345][  0]LogShaderCompilers: Guid format shader working directory is -35 characters bigger than the processId version (../../../../../../Users/games/Documents/Unreal Projects/AdvancedLocomotionSystemV/Intermediate/Shaders/WorkingDirectory/5216/).
[2019.04.05-15.59.26:345][  0]LogShaderCompilers: Cleaned the shader compiler working directory 'C:/Users/games/AppData/Local/Temp/UnrealShaderWorkingDir/CE6C64384D7BC6928CD0BEA965BF24AA/'.
[2019.04.05-15.59.26:347][  0]LogXGEController: Cannot use XGE Controller as Incredibuild is not installed on this machine.
[2019.04.05-15.59.26:348][  0]LogShaderCompilers: Cannot use XGE Shader Compiler as Incredibuild is not installed on this machine.
[2019.04.05-15.59.26:348][  0]LogShaderCompilers: Display: Using Local Shader Compiler.
[2019.04.05-15.59.27:019][  0]LogDerivedDataCache: Display: Max Cache Size: 512 MB
[2019.04.05-15.59.27:085][  0]LogDerivedDataCache: Loaded boot cache 0.07s 74MB C:/Users/games/AppData/Local/UnrealEngine/4.22/DerivedDataCache/Boot.ddc.
[2019.04.05-15.59.27:085][  0]LogDerivedDataCache: Display: Loaded Boot cache: C:/Users/games/AppData/Local/UnrealEngine/4.22/DerivedDataCache/Boot.ddc
[2019.04.05-15.59.27:085][  0]LogDerivedDataCache: FDerivedDataBackendGraph:  Pak pak cache file ../../../../../../Users/games/Documents/Unreal Projects/AdvancedLocomotionSystemV/DerivedDataCache/DDC.ddp not found, will not use a pak cache.
[2019.04.05-15.59.27:085][  0]LogDerivedDataCache: Unable to find inner node Pak for hierarchical cache Hierarchy.
[2019.04.05-15.59.27:085][  0]LogDerivedDataCache: FDerivedDataBackendGraph:  CompressedPak pak cache file ../../../../../../Users/games/Documents/Unreal Projects/AdvancedLocomotionSystemV/DerivedDataCache/Compressed.ddp not found, will not use a pak cache.
[2019.04.05-15.59.27:085][  0]LogDerivedDataCache: Unable to find inner node CompressedPak for hierarchical cache Hierarchy.
[2019.04.05-15.59.27:101][  0]LogDerivedDataCache: Display: Pak cache opened for reading ../../../Engine/DerivedDataCache/Compressed.ddp.
[2019.04.05-15.59.27:101][  0]LogDerivedDataCache: FDerivedDataBackendGraph:  EnterprisePak pak cache file ../../../Enterprise/DerivedDataCache/Compressed.ddp not found, will not use a pak cache.
[2019.04.05-15.59.27:101][  0]LogDerivedDataCache: Unable to find inner node EnterprisePak for hierarchical cache Hierarchy.
[2019.04.05-15.59.27:112][  0]LogDerivedDataCache: Using Local data cache path C:/Users/games/AppData/Local/UnrealEngine/Common/DerivedDataCache: Writable
[2019.04.05-15.59.27:112][  0]LogDerivedDataCache: Shared data cache path not found in *engine.ini, will not use an Shared cache.
[2019.04.05-15.59.27:112][  0]LogDerivedDataCache: Unable to find inner node Shared for hierarchical cache Hierarchy.
[2019.04.05-15.59.27:139][  0]LogMaterial: Verifying Global Shaders for PCD3D_SM5
[2019.04.05-15.59.27:140][  0]LogSlate: Using FreeType 2.6.0
[2019.04.05-15.59.27:141][  0]LogSlate: SlateFontServices - WITH_FREETYPE: 1, WITH_HARFBUZZ: 1
[2019.04.05-15.59.27:232][  0]LogAssetRegistry: FAssetRegistry took 0.0349 seconds to start up
[2019.04.05-15.59.27:659][  0]LogInit: Selected Device Profile: [Windows]
[2019.04.05-15.59.27:839][  0]LogMeshReduction: Using QuadricMeshReduction for automatic static mesh reduction
[2019.04.05-15.59.27:839][  0]LogMeshReduction: Using SimplygonMeshReduction for automatic skeletal mesh reduction
[2019.04.05-15.59.27:839][  0]LogMeshReduction: Using ProxyLODMeshReduction for automatic mesh merging
[2019.04.05-15.59.27:839][  0]LogMeshReduction: No distributed automatic mesh merging module available
[2019.04.05-15.59.27:839][  0]LogMeshMerging: No distributed automatic mesh merging module available
[2019.04.05-15.59.27:852][  0]LogNetVersion: AdvancedLocomotionSystemV 1.0.0, NetCL: 5660361, EngineNetVer: 10, GameNetVer: 0 (Checksum: 686317847)
[2019.04.05-15.59.27:916][  0]LogNavigation: Error: [/Script/Engine.RecastNavMesh] found in the DefaultEngine.ini file. This class has been moved. Please rename that section to [/Script/NavigationSystem.RecastNavMesh]
[2019.04.05-15.59.28:389][  0]LogPackageLocalizationCache: Processed 10 localized package path(s) for 1 prioritized culture(s) in 0.046073 seconds
[2019.04.05-15.59.28:396][  0]LogUObjectArray: 42205 objects as part of root set at end of initial load.
[2019.04.05-15.59.28:396][  0]LogUObjectAllocator: 7325032 out of 0 bytes used by permanent object pool.
[2019.04.05-15.59.28:396][  0]LogUObjectArray: CloseDisregardForGC: 0/0 objects in disregard for GC pool
[2019.04.05-15.59.29:332][  0]LogTcpMessaging: Initializing TcpMessaging bridge
[2019.04.05-15.59.29:344][  0]LogUdpMessaging: Initializing bridge on interface 0.0.0.0:0 to multicast group 230.0.0.1:6666.
[2019.04.05-15.59.29:453][  0]SourceControl: Source control is disabled
[2019.04.05-15.59.29:453][  0]SourceControl: Source control is disabled
[2019.04.05-15.59.29:457][  0]SourceControl: Source control is disabled
[2019.04.05-15.59.29:458][  0]SourceControl: Source control is disabled
[2019.04.05-15.59.29:540][  0]LogAndroidPermission: UAndroidPermissionCallbackProxy::GetInstance
[2019.04.05-15.59.29:589][  0]LogOcInput: OculusInput pre-init called
[2019.04.05-15.59.30:335][  0]LogEngine: Initializing Engine...
[2019.04.05-15.59.30:336][  0]LogHMD: Failed to initialize OpenVR with code 110
[2019.04.05-15.59.30:337][  0]LogStats: UGameplayTagsManager::InitializeManager -  0.000 s
[2019.04.05-15.59.30:619][  0]LogInit: Initializing FReadOnlyCVARCache
[2019.04.05-15.59.30:633][  0]LogAIModule: Creating AISystem for world Untitled
[2019.04.05-15.59.30:656][  0]LogInit: XAudio2 using 'Speakers (High Definition Audio Device)' : 2 channels at 44.1 kHz using 16 bits per sample (channel mask 0x3)
[2019.04.05-15.59.30:672][  0]LogInit: FAudioDevice initialized.
[2019.04.05-15.59.30:672][  0]LogNetVersion: Set ProjectVersion to 1.0.0.0. Version Checksum will be recalculated on next use.
[2019.04.05-15.59.31:259][  0]LogDerivedDataCache: Saved boot cache 0.59s 71MB C:/Users/games/AppData/Local/UnrealEngine/4.22/DerivedDataCache/Boot.ddc.
[2019.04.05-15.59.31:264][  0]LogInit: Texture streaming: Enabled
[2019.04.05-15.59.31:282][  0]LogEngineSessionManager: EngineSessionManager initialized
[2019.04.05-15.59.31:330][  0]LogInit: Transaction tracking system initialized
[2019.04.05-15.59.31:353][  0]BlueprintLog: New page: Editor Load
[2019.04.05-15.59.31:494][  0]LocalizationService: Localization service is disabled
[2019.04.05-15.59.32:457][  0]LogFileCache: Scanning file cache for directory 'C:/Users/games/Documents/Unreal Projects/AdvancedLocomotionSystemV/Content/' took 0.02s
[2019.04.05-15.59.32:457][  0]LogCook: Display: Max memory allowance for cook 16384mb min free memory 0mb
[2019.04.05-15.59.32:457][  0]LogCook: Display: Mobile HDR setting 1
[2019.04.05-15.59.32:651][  0]SourceControl: Source control is disabled
[2019.04.05-15.59.32:651][  0]Cmd: MAP LOAD FILE="../../../../../../Users/games/Documents/Unreal Projects/AdvancedLocomotionSystemV/Content/AdvancedLocomotionV3/Maps/ALSV3_DemoLevel_SP.umap" TEMPLATE=0 SHOWPROGRESS=1 FEATURELEVEL=3
[2019.04.05-15.59.32:668][  0]LightingResults: New page: Lighting Build
[2019.04.05-15.59.32:670][  0]MapCheck: New page: Map Check
[2019.04.05-15.59.32:670][  0]LightingResults: New page: Lighting Build
[2019.04.05-15.59.32:695][  0]LogUObjectHash: Compacting FUObjectHashTables data took   2.06ms
[2019.04.05-15.59.43:630][  0]LogAIModule: Creating AISystem for world ALSV3_DemoLevel_SP
[2019.04.05-15.59.45:395][  0]LogEditorServer: Finished looking for orphan Actors (0.000 secs)
[2019.04.05-15.59.45:454][  0]LogUObjectHash: Compacting FUObjectHashTables data took   4.11ms
[2019.04.05-15.59.45:454][  0]Cmd: MAP CHECKDEP NOCLEARLOG
[2019.04.05-15.59.45:454][  0]MapCheck: Map check complete: 0 Error(s), 0 Warning(s), took 0.198ms to complete.
[2019.04.05-15.59.45:454][  0]LogFileHelpers: Loading map 'ALSV3_DemoLevel_SP' took 12.804
[2019.04.05-15.59.45:671][  0]LogSlate: Updating window title bar state: overlay mode, drag disabled, window buttons hidden, title bar hidden
[2019.04.05-15.59.45:685][  0]LogSlate: Updating window title bar state: overlay mode, drag disabled, window buttons hidden, title bar hidden
[2019.04.05-15.59.45:703][  0]LogSlate: Updating window title bar state: overlay mode, drag disabled, window buttons hidden, title bar hidden
[2019.04.05-15.59.45:714][  0]LogSlate: Updating window title bar state: overlay mode, drag disabled, window buttons hidden, title bar hidden
[2019.04.05-15.59.45:772][  0]LogCollectionManager: Loaded 0 collections in 0.003620 seconds
[2019.04.05-15.59.45:813][  0]LogFileCache: Scanning file cache for directory 'C:/Users/games/Documents/Unreal Projects/AdvancedLocomotionSystemV/Saved/Collections/' took 0.01s
[2019.04.05-15.59.45:813][  0]LogFileCache: Scanning file cache for directory 'C:/Users/games/Documents/Unreal Projects/AdvancedLocomotionSystemV/Content/Developers/games/Collections/' took 0.00s
[2019.04.05-15.59.45:813][  0]LogFileCache: Scanning file cache for directory 'C:/Users/games/Documents/Unreal Projects/AdvancedLocomotionSystemV/Content/Collections/' took 0.01s
[2019.04.05-15.59.45:813][  0]LogCollectionManager: Rebuilt the GUID cache for 0 collections in 0.000000 seconds
[2019.04.05-15.59.45:836][  0]LogContentBrowser: Native class hierarchy populated in 0.0226 seconds. Added 2732 classes and 659 folders.
[2019.04.05-15.59.45:851][  0]LogContentBrowser: Native class hierarchy updated for 'WidgetCarousel' in 0.0005 seconds. Added 0 classes and 0 folders.
[2019.04.05-15.59.45:901][  0]LogPakFile: Registered encryption key '00000000000000000000000000000000': 0 pak files mounted, 0 remain pending
[2019.04.05-15.59.45:921][  0]LogPakFile: Registered encryption key '00000000000000000000000000000000': 0 pak files mounted, 0 remain pending
[2019.04.05-15.59.45:925][  0]LogPakFile: Registered encryption key '00000000000000000000000000000000': 0 pak files mounted, 0 remain pending
[2019.04.05-15.59.45:928][  0]LogPakFile: Registered encryption key '00000000000000000000000000000000': 0 pak files mounted, 0 remain pending
[2019.04.05-15.59.45:931][  0]LogPakFile: Registered encryption key '00000000000000000000000000000000': 0 pak files mounted, 0 remain pending
[2019.04.05-15.59.45:934][  0]LogPakFile: Registered encryption key '00000000000000000000000000000000': 0 pak files mounted, 0 remain pending
[2019.04.05-15.59.45:938][  0]LogPakFile: Registered encryption key '00000000000000000000000000000000': 0 pak files mounted, 0 remain pending
[2019.04.05-15.59.45:941][  0]LogPakFile: Registered encryption key '00000000000000000000000000000000': 0 pak files mounted, 0 remain pending
[2019.04.05-15.59.45:944][  0]LogPakFile: Registered encryption key '00000000000000000000000000000000': 0 pak files mounted, 0 remain pending
[2019.04.05-15.59.45:977][  0]LogPakFile: Registered encryption key '00000000000000000000000000000000': 0 pak files mounted, 0 remain pending
[2019.04.05-15.59.45:981][  0]LogPakFile: Registered encryption key '00000000000000000000000000000000': 0 pak files mounted, 0 remain pending
[2019.04.05-15.59.45:984][  0]LogPakFile: Registered encryption key '00000000000000000000000000000000': 0 pak files mounted, 0 remain pending
[2019.04.05-15.59.45:988][  0]LogPakFile: Registered encryption key '00000000000000000000000000000000': 0 pak files mounted, 0 remain pending
[2019.04.05-15.59.45:991][  0]LogPakFile: Registered encryption key '00000000000000000000000000000000': 0 pak files mounted, 0 remain pending
[2019.04.05-15.59.45:994][  0]LogPakFile: Registered encryption key '00000000000000000000000000000000': 0 pak files mounted, 0 remain pending
[2019.04.05-15.59.45:998][  0]LogPakFile: Registered encryption key '00000000000000000000000000000000': 0 pak files mounted, 0 remain pending
[2019.04.05-15.59.46:001][  0]LogPakFile: Registered encryption key '00000000000000000000000000000000': 0 pak files mounted, 0 remain pending
[2019.04.05-15.59.46:004][  0]LogPakFile: Registered encryption key '00000000000000000000000000000000': 0 pak files mounted, 0 remain pending
[2019.04.05-15.59.46:007][  0]LogPakFile: Registered encryption key '00000000000000000000000000000000': 0 pak files mounted, 0 remain pending
[2019.04.05-15.59.46:027][  0]LogPakFile: Registered encryption key '00000000000000000000000000000000': 0 pak files mounted, 0 remain pending
[2019.04.05-15.59.46:031][  0]LogPakFile: Registered encryption key '00000000000000000000000000000000': 0 pak files mounted, 0 remain pending
[2019.04.05-15.59.46:034][  0]LogPakFile: Registered encryption key '00000000000000000000000000000000': 0 pak files mounted, 0 remain pending
[2019.04.05-15.59.46:037][  0]LogPakFile: Registered encryption key '00000000000000000000000000000000': 0 pak files mounted, 0 remain pending
[2019.04.05-15.59.46:041][  0]LogPakFile: Registered encryption key '00000000000000000000000000000000': 0 pak files mounted, 0 remain pending
[2019.04.05-15.59.46:044][  0]LogPakFile: Registered encryption key '00000000000000000000000000000000': 0 pak files mounted, 0 remain pending
[2019.04.05-15.59.46:047][  0]LogPakFile: Registered encryption key '00000000000000000000000000000000': 0 pak files mounted, 0 remain pending
[2019.04.05-15.59.46:565][  0]LogContentBrowser: Native class hierarchy updated for 'AddContentDialog' in 0.0005 seconds. Added 0 classes and 0 folders.
[2019.04.05-15.59.46:609][  0]LogContentBrowser: Native class hierarchy updated for 'SceneOutliner' in 0.0005 seconds. Added 1 classes and 2 folders.
[2019.04.05-15.59.46:874][  0]LogSlate: Took 0.000230 seconds to synchronously load lazily loaded font '../../../Engine/Content/Slate/Fonts/Roboto-Regular.ttf' (155K)
[2019.04.05-15.59.46:880][  0]LogSlate: Took 0.000176 seconds to synchronously load lazily loaded font '../../../Engine/Content/Slate/Fonts/Roboto-Bold.ttf' (160K)
[2019.04.05-15.59.46:911][  0]LogSlate: Took 0.021628 seconds to synchronously load lazily loaded font '../../../Engine/Content/Editor/Slate/Fonts/FontAwesome.ttf' (139K)
[2019.04.05-15.59.47:322][  0]LogRenderer: Reallocating scene render targets to support 1208x580 Format 9 NumSamples 1 (Frame:1).
[2019.04.05-15.59.47:621][  0]LogContentBrowser: Native class hierarchy updated for 'HierarchicalLODOutliner' in 0.0006 seconds. Added 0 classes and 0 folders.
[2019.04.05-15.59.47:621][  0]LogLoad: (Engine Initialization) Total time: 24.30 seconds
[2019.04.05-15.59.47:621][  0]LogLoad: (Engine Initialization) Total Blueprint compile time: 0.00 seconds
[2019.04.05-15.59.47:706][  0]LogAssetRegistry: Asset discovery search completed in 20.4932 seconds
[2019.04.05-15.59.47:708][  0]LogCollectionManager: Rebuilt the object cache for 0 collections in 0.000001 seconds (found 0 objects)
[2019.04.05-15.59.47:708][  0]LogCollectionManager: Fixed up redirectors for 0 collections in 0.000044 seconds (updated 0 objects)
[2019.04.05-15.59.47:709][  0]LogContentStreaming: Texture pool size now 400 MB
[2019.04.05-15.59.47:737][  0]LogSlate: Took 0.012114 seconds to synchronously load lazily loaded font '../../../Engine/Content/Slate/Fonts/Roboto-Light.ttf' (167K)
[2019.04.05-15.59.47:788][  0]LogSlate: Took 0.000172 seconds to synchronously load lazily loaded font '../../../Engine/Content/Slate/Fonts/Roboto-Light.ttf' (167K)
[2019.04.05-16.00.13:709][304]LogSlate: FSceneViewport::OnFocusLost() reason 0
[2019.04.05-16.00.13:791][305]LogTemp: Repeating last play command: Selected Viewport
[2019.04.05-16.00.13:812][305]LogBlueprintUserMessages: Early PlayInEditor Detection: Level '/Game/AdvancedLocomotionV3/Maps/ALSV3_DemoLevel_SP.ALSV3_DemoLevel_SP:PersistentLevel' has LevelScriptBlueprint '/Game/AdvancedLocomotionV3/Maps/ALSV3_DemoLevel_SP.ALSV3_DemoLevel_SP:PersistentLevel.ALSV3_DemoLevel_SP' with GeneratedClass '/Game/AdvancedLocomotionV3/Maps/ALSV3_DemoLevel_SP.ALSV3_DemoLevel_SP_C' with ClassGeneratedBy '/Game/AdvancedLocomotionV3/Maps/ALSV3_DemoLevel_SP.ALSV3_DemoLevel_SP:PersistentLevel.ALSV3_DemoLevel_SP'
[2019.04.05-16.00.13:812][305]LogPlayLevel: PlayLevel: No blueprints needed recompiling
[2019.04.05-16.00.13:845][305]PIE: New page: PIE session: ALSV3_DemoLevel_SP (5 Apr 2019 18:00:13)
[2019.04.05-16.00.13:857][305]LogPlayLevel: Creating play world package: /Game/AdvancedLocomotionV3/Maps/UEDPIE_0_ALSV3_DemoLevel_SP
[2019.04.05-16.00.13:884][305]LogPlayLevel: PIE: StaticDuplicateObject took: (0.026950s)
[2019.04.05-16.00.13:885][305]LogAIModule: Creating AISystem for world ALSV3_DemoLevel_SP
[2019.04.05-16.00.13:885][305]LogPlayLevel: PIE: World Init took: (0.000770s)
[2019.04.05-16.00.13:885][305]LogPlayLevel: PIE: Created PIE world by copying editor world from /Game/AdvancedLocomotionV3/Maps/ALSV3_DemoLevel_SP.ALSV3_DemoLevel_SP to /Game/AdvancedLocomotionV3/Maps/UEDPIE_0_ALSV3_DemoLevel_SP.ALSV3_DemoLevel_SP (0.028527s)
[2019.04.05-16.00.13:911][305]LogUObjectHash: Compacting FUObjectHashTables data took   1.61ms
[2019.04.05-16.00.13:925][305]LogInit: XAudio2 using 'Speakers (High Definition Audio Device)' : 2 channels at 44.1 kHz using 16 bits per sample (channel mask 0x3)
[2019.04.05-16.00.13:933][305]LogInit: FAudioDevice initialized.
[2019.04.05-16.00.13:969][305]LogLoad: Game class is 'ALS_GameMode_SP_C'
[2019.04.05-16.00.14:000][305]LogWorld: Bringing World /Game/AdvancedLocomotionV3/Maps/UEDPIE_0_ALSV3_DemoLevel_SP.ALSV3_DemoLevel_SP up for play (max tick rate 0) at 2019.04.05-17.00.14
[2019.04.05-16.00.14:023][305]LogWorld: Bringing up level for play took: 0.035373
[2019.04.05-16.00.14:065][305]LogContentBrowser: Native class hierarchy updated for 'MovieSceneCapture' in 0.0007 seconds. Added 20 classes and 0 folders.
[2019.04.05-16.00.14:085][305]PIE: Play in editor start time for /Game/AdvancedLocomotionV3/Maps/UEDPIE_0_ALSV3_DemoLevel_SP 0.677
[2019.04.05-16.00.14:086][305]LogBlueprintUserMessages: Late PlayInEditor Detection: Level '/Game/AdvancedLocomotionV3/Maps/ALSV3_DemoLevel_SP.ALSV3_DemoLevel_SP:PersistentLevel' has LevelScriptBlueprint '/Game/AdvancedLocomotionV3/Maps/ALSV3_DemoLevel_SP.ALSV3_DemoLevel_SP:PersistentLevel.ALSV3_DemoLevel_SP' with GeneratedClass '/Game/AdvancedLocomotionV3/Maps/ALSV3_DemoLevel_SP.ALSV3_DemoLevel_SP_C' with ClassGeneratedBy '/Game/AdvancedLocomotionV3/Maps/ALSV3_DemoLevel_SP.ALSV3_DemoLevel_SP:PersistentLevel.ALSV3_DemoLevel_SP'
[2019.04.05-16.01.06:318][720]Cmd: RestartLevel
[2019.04.05-16.01.06:362][721]LogNet: Browse: /Game/AdvancedLocomotionV3/Maps/ALSV3_DemoLevel_SP?restart
[2019.04.05-16.01.06:387][721]LogLoad: LoadMap: /Game/AdvancedLocomotionV3/Maps/ALSV3_DemoLevel_SP
[2019.04.05-16.01.06:426][721]LogUObjectHash: Compacting FUObjectHashTables data took   2.29ms
[2019.04.05-16.01.06:450][721]LogPlayLevel: Creating play world package: /Game/AdvancedLocomotionV3/Maps/UEDPIE_0_ALSV3_DemoLevel_SP
[2019.04.05-16.01.06:474][721]LogPlayLevel: PIE: StaticDuplicateObject took: (0.024150s)
[2019.04.05-16.01.06:475][721]LogAIModule: Creating AISystem for world ALSV3_DemoLevel_SP
[2019.04.05-16.01.06:475][721]LogPlayLevel: PIE: World Init took: (0.000709s)
[2019.04.05-16.01.06:475][721]LogPlayLevel: PIE: Created PIE world by copying editor world from /Game/AdvancedLocomotionV3/Maps/ALSV3_DemoLevel_SP.ALSV3_DemoLevel_SP to /Game/AdvancedLocomotionV3/Maps/UEDPIE_0_ALSV3_DemoLevel_SP.ALSV3_DemoLevel_SP (0.025485s)
[2019.04.05-16.01.06:475][721]LogLoad: Game class is 'ALS_GameMode_SP_C'
[2019.04.05-16.01.06:483][721]LogWorld: Bringing World /Game/AdvancedLocomotionV3/Maps/UEDPIE_0_ALSV3_DemoLevel_SP.ALSV3_DemoLevel_SP up for play (max tick rate 0) at 2019.04.05-17.01.06
[2019.04.05-16.01.06:483][721]LogWorld: Bringing up level for play took: 0.007137
[2019.04.05-16.01.06:484][721]LogGameMode: FindPlayerStart: PATHS NOT DEFINED or NO PLAYERSTART with positive rating
[2019.04.05-16.01.06:485][721]LogLoad: Took 0.097440 seconds to LoadMap(/Game/AdvancedLocomotionV3/Maps/UEDPIE_0_ALSV3_DemoLevel_SP)
[2019.04.05-16.01.55:343][103]LogBlueprintUserMessages: Early EndPlayMap Detection: Level '/Game/AdvancedLocomotionV3/Maps/ALSV3_DemoLevel_SP.ALSV3_DemoLevel_SP:PersistentLevel' has LevelScriptBlueprint '/Game/AdvancedLocomotionV3/Maps/ALSV3_DemoLevel_SP.ALSV3_DemoLevel_SP:PersistentLevel.ALSV3_DemoLevel_SP' with GeneratedClass '/Game/AdvancedLocomotionV3/Maps/ALSV3_DemoLevel_SP.ALSV3_DemoLevel_SP_C' with ClassGeneratedBy '/Game/AdvancedLocomotionV3/Maps/ALSV3_DemoLevel_SP.ALSV3_DemoLevel_SP:PersistentLevel.ALSV3_DemoLevel_SP'
[2019.04.05-16.01.55:386][103]LogSlate: Updating window title bar state: overlay mode, drag disabled, window buttons hidden, title bar hidden
[2019.04.05-16.01.55:436][103]LogPlayLevel: Display: Shutting down PIE online subsystems
[2019.04.05-16.01.55:436][103]LogBlueprintUserMessages: Late EndPlayMap Detection: Level '/Game/AdvancedLocomotionV3/Maps/ALSV3_DemoLevel_SP.ALSV3_DemoLevel_SP:PersistentLevel' has LevelScriptBlueprint '/Game/AdvancedLocomotionV3/Maps/ALSV3_DemoLevel_SP.ALSV3_DemoLevel_SP:PersistentLevel.ALSV3_DemoLevel_SP' with GeneratedClass '/Game/AdvancedLocomotionV3/Maps/ALSV3_DemoLevel_SP.ALSV3_DemoLevel_SP_C' with ClassGeneratedBy '/Game/AdvancedLocomotionV3/Maps/ALSV3_DemoLevel_SP.ALSV3_DemoLevel_SP:PersistentLevel.ALSV3_DemoLevel_SP'
[2019.04.05-16.01.55:476][103]LogSlate: Updating window title bar state: overlay mode, drag disabled, window buttons hidden, title bar hidden
[2019.04.05-16.01.55:482][103]LogUObjectHash: Compacting FUObjectHashTables data took   2.04ms
[2019.04.05-16.01.55:511][104]LogPlayLevel: Display: Destroying online subsystem :Context_1
[2019.04.05-16.06.20:291][745]LogSlate: FSceneViewport::OnFocusLost() reason 0
[2019.04.05-16.06.23:911][794]LogEditorViewport: Clicking on Actor (LMB): BP_Sky_Sphere_C (Sky Sphere)
[2019.04.05-16.06.24:129][794]LogEditorViewport: Clicking on Component (LMB): StaticMeshComponent (SkySphereMesh)
[2019.04.05-16.06.31:039][870]LogSlate: FSceneViewport::OnFocusLost() reason 0
[2019.04.05-17.02.14:192][825]LogInit: XAudio2 using 'Speakers (High Definition Audio Device)' : 2 channels at 44.1 kHz using 16 bits per sample (channel mask 0x3)
[2019.04.05-18.35.30:751][714]LogD3D11RHI: Timed out while waiting for GPU to catch up. (0.5 s)
[2019.04.05-18.38.05:919][568]LogD3D11RHI: Timed out while waiting for GPU to catch up. (500 ms)
[2019.04.05-18.38.08:023][574]LogWindowsTextInputMethodSystem: Display: IME system now deactivated.
[2019.04.05-20.16.11:751][330]LogSlate: Window 'Pick Parent Class' being destroyed
[2019.04.05-20.17.09:689][774]LogUObjectHash: Compacting FUObjectHashTables data took   5.30ms
[2019.04.05-20.17.09:689][774]LogFileHelpers: Editor autosave (incl. sublevels) for '/Game/AdvancedLocomotionV3/Maps/ALSV3_DemoLevel_SP' took 0.174
[2019.04.05-20.17.09:876][774]OBJ SavePackage: Generating thumbnails for [0] asset(s) in package [/Game/AdvancedLocomotionV3/Blueprints/UMG/MainMenu] ([1] browsable assets)...
[2019.04.05-20.17.09:876][774]OBJ SavePackage: Finished generating thumbnails for package [/Game/AdvancedLocomotionV3/Blueprints/UMG/MainMenu]
[2019.04.05-20.17.10:693][774]LogSavePackage: Moving '../../../../../../Users/games/Documents/Unreal Projects/AdvancedLocomotionSystemV/Saved/MainMenu_Auto1EAFD54684BDDAF8BC18E469D2E174F8C.tmp' to '../../../../../../Users/games/Documents/Unreal Projects/AdvancedLocomotionSystemV/Saved/Autosaves/Game/AdvancedLocomotionV3/Blueprints/UMG/MainMenu_Auto1.uasset'
[2019.04.05-20.17.10:716][774]OBJ SavePackage: Generating thumbnails for [0] asset(s) in package [/Game/AdvancedLocomotionV3/Blueprints/UMG/PauseMenu] ([1] browsable assets)...
[2019.04.05-20.17.10:717][774]OBJ SavePackage: Finished generating thumbnails for package [/Game/AdvancedLocomotionV3/Blueprints/UMG/PauseMenu]
[2019.04.05-20.17.10:756][774]LogSavePackage: Moving '../../../../../../Users/games/Documents/Unreal Projects/AdvancedLocomotionSystemV/Saved/PauseMenu_Auto1B4590B2140828C47065C6D8418A5E49E.tmp' to '../../../../../../Users/games/Documents/Unreal Projects/AdvancedLocomotionSystemV/Saved/Autosaves/Game/AdvancedLocomotionV3/Blueprints/UMG/PauseMenu_Auto1.uasset'
[2019.04.05-20.17.10:758][774]LogFileHelpers: Auto-saving content packages took 1.067
[2019.04.05-20.17.50:252][162]LogUObjectHash: Compacting FUObjectHashTables data took   2.03ms
[2019.04.05-20.17.50:398][162]LogUObjectHash: Compacting FUObjectHashTables data took   0.76ms
[2019.04.05-20.17.50:438][162]LogSavePackage: Moving '../../../../../../Users/games/Documents/Unreal Projects/AdvancedLocomotionSystemV/Saved/MainCBD0DBB944BC75C3FEF94994BDE941B9.tmp' to '../../../../../../Users/games/Documents/Unreal Projects/AdvancedLocomotionSystemV/Content/AdvancedLocomotionV3/Blueprints/Levels/Main.umap'
[2019.04.05-20.17.50:453][162]LogFileHelpers: Saving map 'Main' took 0.127
[2019.04.05-20.17.50:475][162]LogSavePackage: Moving '../../../../../../Users/games/Documents/Unreal Projects/AdvancedLocomotionSystemV/Saved/MainMenuDAE06B384963528D3A0B918E820BC315.tmp' to '../../../../../../Users/games/Documents/Unreal Projects/AdvancedLocomotionSystemV/Content/AdvancedLocomotionV3/Blueprints/UMG/MainMenu.uasset'
[2019.04.05-20.17.50:490][162]LogSavePackage: Moving '../../../../../../Users/games/Documents/Unreal Projects/AdvancedLocomotionSystemV/Saved/PauseMenu65321D7E40141AB09A60AC8287E0C0E7.tmp' to '../../../../../../Users/games/Documents/Unreal Projects/AdvancedLocomotionSystemV/Content/AdvancedLocomotionV3/Blueprints/UMG/PauseMenu.uasset'
[2019.04.05-20.18.36:152][430]LogAssetEditorManager: Opening Asset editor for Blueprint /Game/AdvancedLocomotionV3/Blueprints/MannequinCharacter.MannequinCharacter
[2019.04.05-20.18.37:610][430]LogContentBrowser: Native class hierarchy updated for 'BlueprintGraph' in 0.0014 seconds. Added 121 classes and 0 folders.
[2019.04.05-20.18.43:596][456]LogSlate: Window 'MannequinCharacter' being destroyed
[2019.04.05-20.18.49:454][706]LogAssetEditorManager: Opening Asset editor for Blueprint /Game/AdvancedLocomotionV3/Blueprints/MannequinCharacter.MannequinCharacter
[2019.04.05-20.18.50:436][706]LogSlate: Took 0.112441 seconds to synchronously load lazily loaded font '../../../Engine/Content/Slate/Fonts/Roboto-BoldCondensed.ttf' (158K)
[2019.04.05-20.18.54:897][752]LogSlate: Window 'MannequinCharacter' being destroyed
[2019.04.05-20.18.56:671][821]LogRenderer: Reallocating scene render targets to support 1208x908 Format 9 NumSamples 1 (Frame:1).
[2019.04.05-20.19.20:937][171]LogSlate: Took 0.030965 seconds to synchronously load lazily loaded font '../../../Engine/Content/Slate/Fonts/Roboto-Italic.ttf' (157K)
[2019.04.05-20.19.22:205][189]LogSlate: FSceneViewport::OnFocusLost() reason 0
[2019.04.05-20.21.19:390][108]LogSlate: Took 0.043760 seconds to synchronously load lazily loaded font '../../../Engine/Content/Slate/Fonts/Roboto-BoldCondensedItalic.ttf' (160K)
[2019.04.05-20.21.25:529][352]BlueprintLog: New page: Compile MannequinCharacter
[2019.04.05-20.21.26:152][352]LogUObjectHash: Compacting FUObjectHashTables data took  11.38ms
[2019.04.05-20.21.56:686][121]BlueprintLog: New page: Compile MannequinCharacter
[2019.04.05-20.21.56:962][121]LogUObjectHash: Compacting FUObjectHashTables data took   4.21ms
[2019.04.05-20.22.22:887][742]BlueprintLog: New page: Compile MannequinCharacter
[2019.04.05-20.22.23:168][742]LogUObjectHash: Compacting FUObjectHashTables data took   4.26ms
[2019.04.05-20.22.50:816][359]BlueprintLog: New page: Compile MannequinCharacter
[2019.04.05-20.22.51:097][359]LogUObjectHash: Compacting FUObjectHashTables data took   4.14ms
[2019.04.05-20.25.30:536][956]LogSlate: Prevented a slow task dialog from being summoned while a context menu was open
[2019.04.05-20.29.29:330][911]LogUObjectHash: Compacting FUObjectHashTables data took   4.95ms
[2019.04.05-20.29.30:877][911]LogSavePackage: Moving '../../../../../../Users/games/Documents/Unreal Projects/AdvancedLocomotionSystemV/Saved/ALSV3_DemoLevel_SP_Auto263713E344E002889A1A0C4986240FF60.tmp' to '../../../../../../Users/games/Documents/Unreal Projects/AdvancedLocomotionSystemV/Saved/Autosaves/Game/AdvancedLocomotionV3/Maps/ALSV3_DemoLevel_SP_Auto2.umap'
[2019.04.05-20.29.31:299][911]LogFileHelpers: Editor autosave (incl. sublevels) for '/Game/AdvancedLocomotionV3/Maps/ALSV3_DemoLevel_SP' took 2.015
[2019.04.05-20.29.31:300][911]LogFileHelpers: Editor autosave (incl. sublevels) for all levels took 2.015
[2019.04.05-20.29.31:317][911]OBJ SavePackage: Generating thumbnails for [1] asset(s) in package [/Game/AdvancedLocomotionV3/Blueprints/MannequinCharacter] ([1] browsable assets)...
[2019.04.05-20.29.31:461][911]OBJ SavePackage:     Rendered thumbnail for [Blueprint /Game/AdvancedLocomotionV3/Blueprints/MannequinCharacter.MannequinCharacter]
[2019.04.05-20.29.31:461][911]OBJ SavePackage: Finished generating thumbnails for package [/Game/AdvancedLocomotionV3/Blueprints/MannequinCharacter]
[2019.04.05-20.29.31:774][911]LogSavePackage: Moving '../../../../../../Users/games/Documents/Unreal Projects/AdvancedLocomotionSystemV/Saved/MannequinCharacter_Auto2C631C873485D5DD4EAB0EDBC531E7D8E.tmp' to '../../../../../../Users/games/Documents/Unreal Projects/AdvancedLocomotionSystemV/Saved/Autosaves/Game/AdvancedLocomotionV3/Blueprints/MannequinCharacter_Auto2.uasset'
[2019.04.05-20.29.31:776][911]LogFileHelpers: Auto-saving content packages took 0.459
[2019.04.05-20.34.48:759][382]LogSlate: Prevented a slow task dialog from being summoned while a context menu was open
[2019.04.05-20.38.01:193][267]LogUObjectHash: Compacting FUObjectHashTables data took   4.45ms
[2019.04.05-20.38.01:285][267]LogUObjectHash: Compacting FUObjectHashTables data took   0.88ms
[2019.04.05-20.38.01:829][267]LogSavePackage: Moving '../../../../../../Users/games/Documents/Unreal Projects/AdvancedLocomotionSystemV/Saved/ALSV3_DemoLevel_SP74E2210048CB9AC65576299EA2360DB7.tmp' to '../../../../../../Users/games/Documents/Unreal Projects/AdvancedLocomotionSystemV/Content/AdvancedLocomotionV3/Maps/ALSV3_DemoLevel_SP.umap'
[2019.04.05-20.38.01:897][267]LogFileHelpers: Saving map 'ALSV3_DemoLevel_SP' took 0.652
[2019.04.05-20.38.01:959][267]LogSavePackage: Moving '../../../../../../Users/games/Documents/Unreal Projects/AdvancedLocomotionSystemV/Saved/MannequinCharacterC0A5B8FC41C524180D3BFAB98B31199C.tmp' to '../../../../../../Users/games/Documents/Unreal Projects/AdvancedLocomotionSystemV/Content/AdvancedLocomotionV3/Blueprints/MannequinCharacter.uasset'
[2019.04.05-20.38.01:970][267]LogSavePackage: Moving '../../../../../../Users/games/Documents/Unreal Projects/AdvancedLocomotionSystemV/Saved/HUDF5DF1E7146048B720533FE8457D04F91.tmp' to '../../../../../../Users/games/Documents/Unreal Projects/AdvancedLocomotionSystemV/Content/AdvancedLocomotionV3/Blueprints/UMG/HUD.uasset'
[2019.04.05-20.38.06:087][401]LogSlate: Prevented a slow task dialog from being summoned while a context menu was open
[2019.04.05-20.40.54:625][291]LogAssetEditorManager: Opening Asset editor for PhysicsAsset /Game/AdvancedLocomotionV3/Characters/Mannequin/Mannequin_PhysicsAsset.Mannequin_PhysicsAsset
[2019.04.05-20.40.54:840][291]LogContentBrowser: Native class hierarchy updated for 'PhysicsAssetEditor' in 0.0007 seconds. Added 7 classes and 3 folders.
[2019.04.05-20.40.54:910][291]LogContentBrowser: Native class hierarchy updated for 'SkeletonEditor' in 0.0006 seconds. Added 1 classes and 2 folders.
[2019.04.05-20.40.56:109][291]LogActorComponent: RegisterComponentWithWorld: (/Engine/Transient.World_9:PersistentLevel.AnimationEditorPreviewActor_0.PhysicsAssetEditorSkeletalMeshComponent_0) Already registered. Aborting.
[2019.04.05-20.40.56:233][291]LogContentBrowser: Native class hierarchy updated for 'PinnedCommandList' in 0.0005 seconds. Added 1 classes and 0 folders.
[2019.04.05-20.41.43:651][906]LogAssetEditorManager: Opening Asset editor for CurveFloat /Game/AdvancedLocomotionV3/Blueprints/Curves/TransitionCurves/IdleTransition.IdleTransition
[2019.04.05-20.42.41:097][169]LogAssetEditorManager: Opening Asset editor for UserDefinedStruct /Game/AdvancedLocomotionV3/Blueprints/Structs/ALS_PivotParams.ALS_PivotParams
[2019.04.05-20.43.28:904][326]LogAssetEditorManager: Opening Asset editor for Blueprint /Game/AdvancedLocomotionV3/Maps/ALS_LevelColorManager.ALS_LevelColorManager
[2019.04.05-20.43.58:472][846]LogAssetEditorManager: Opening Asset editor for Blueprint /Game/AdvancedLocomotionV3/Blueprints/ALS_BaseCharacter.ALS_BaseCharacter
[2019.04.05-20.44.23:651][823]LogSavePackage: Moving '../../../../../../Users/games/Documents/Unreal Projects/AdvancedLocomotionSystemV/Saved/MannequinCharacterB977584745968BA3BE5171B870A7B351.tmp' to '../../../../../../Users/games/Documents/Unreal Projects/AdvancedLocomotionSystemV/Content/AdvancedLocomotionV3/Blueprints/MannequinCharacter.uasset'
[2019.04.05-20.47.00:131][529]Cmd: TRANSACTION UNDO
[2019.04.05-20.47.00:131][529]LogEditorTransaction: Undo Remove Variable
[2019.04.05-20.47.07:013][760]LogEditorTransaction: Undo Remove Variable
[2019.04.05-20.47.31:044][652]BlueprintLog: New page: Compile MannequinCharacter
[2019.04.05-20.47.31:576][652]LogUObjectHash: Compacting FUObjectHashTables data took  10.12ms
[2019.04.05-20.47.34:477][722]LogSavePackage: Moving '../../../../../../Users/games/Documents/Unreal Projects/AdvancedLocomotionSystemV/Saved/MannequinCharacter40BA64F641504203446978AD751DB5E2.tmp' to '../../../../../../Users/games/Documents/Unreal Projects/AdvancedLocomotionSystemV/Content/AdvancedLocomotionV3/Blueprints/MannequinCharacter.uasset'
[2019.04.05-20.51.15:236][608]LogSlate: Prevented a slow task dialog from being summoned while a context menu was open
[2019.04.05-20.53.10:969][710]LogUObjectHash: Compacting FUObjectHashTables data took   8.25ms
[2019.04.05-20.53.11:565][710]LogSavePackage: Moving '../../../../../../Users/games/Documents/Unreal Projects/AdvancedLocomotionSystemV/Saved/ALSV3_DemoLevel_SP_Auto34271EFE2465B517143154BB3B3EA0030.tmp' to '../../../../../../Users/games/Documents/Unreal Projects/AdvancedLocomotionSystemV/Saved/Autosaves/Game/AdvancedLocomotionV3/Maps/ALSV3_DemoLevel_SP_Auto3.umap'
[2019.04.05-20.53.11:567][710]LogFileHelpers: Editor autosave (incl. sublevels) for '/Game/AdvancedLocomotionV3/Maps/ALSV3_DemoLevel_SP' took 0.702
[2019.04.05-20.53.11:567][710]LogFileHelpers: Editor autosave (incl. sublevels) for all levels took 0.702
[2019.04.05-20.53.11:569][710]OBJ SavePackage: Generating thumbnails for [0] asset(s) in package [/Game/AdvancedLocomotionV3/Blueprints/ALS_BaseCharacter] ([1] browsable assets)...
[2019.04.05-20.53.11:569][710]OBJ SavePackage: Finished generating thumbnails for package [/Game/AdvancedLocomotionV3/Blueprints/ALS_BaseCharacter]
[2019.04.05-20.53.12:772][710]LogSavePackage: Moving '../../../../../../Users/games/Documents/Unreal Projects/AdvancedLocomotionSystemV/Saved/ALS_BaseCharacter_Auto378DA79C049AE5F6F428674BDC8D6F7D6.tmp' to '../../../../../../Users/games/Documents/Unreal Projects/AdvancedLocomotionSystemV/Saved/Autosaves/Game/AdvancedLocomotionV3/Blueprints/ALS_BaseCharacter_Auto3.uasset'
[2019.04.05-20.53.12:774][710]LogFileHelpers: Auto-saving content packages took 1.205
[2019.04.05-21.03.05:706][699]BlueprintLog: New page: Compile ALS_BaseCharacter
[2019.04.05-21.03.06:058][699]LogBlueprint: Error: [Compiler ALS_BaseCharacter] This blueprint (self) is not a UserWidget, therefore ' Target ' must have a connection.
[2019.04.05-21.03.06:515][699]LogUObjectHash: Compacting FUObjectHashTables data took   7.61ms
[2019.04.05-21.03.06:634][699]LogBlueprint: Warning: [Compiler ALS_BaseCharacter] [8223.10] Compile of ALS_BaseCharacter failed. 1 Fatal Issue(s) 0 Warning(s) [in 927 ms] (/Game/AdvancedLocomotionV3/Blueprints/ALS_BaseCharacter.ALS_BaseCharacter)
[2019.04.05-21.03.43:271][  8]BlueprintLog: New page: Compile ALS_BaseCharacter
[2019.04.05-21.03.43:452][  8]LogBlueprint: Error: [Compiler ALS_BaseCharacter] This blueprint (self) is not a UserWidget, therefore ' Target ' must have a connection.
[2019.04.05-21.03.43:894][  8]LogUObjectHash: Compacting FUObjectHashTables data took   7.74ms
[2019.04.05-21.03.44:014][  8]LogBlueprint: Warning: [Compiler ALS_BaseCharacter] [8260.48] Compile of ALS_BaseCharacter failed. 1 Fatal Issue(s) 0 Warning(s) [in 742 ms] (/Game/AdvancedLocomotionV3/Blueprints/ALS_BaseCharacter.ALS_BaseCharacter)
[2019.04.05-21.03.52:495][310]BlueprintLog: New page: Compile ALS_BaseCharacter
[2019.04.05-21.03.53:132][310]LogUObjectHash: Compacting FUObjectHashTables data took   7.72ms
[2019.04.05-21.04.20:734][284]LogUObjectHash: Compacting FUObjectHashTables data took   6.89ms
[2019.04.05-21.04.21:331][284]LogSavePackage: Moving '../../../../../../Users/games/Documents/Unreal Projects/AdvancedLocomotionSystemV/Saved/ALSV3_DemoLevel_SP_Auto4E737AC314EA68B1C7937B8A9DD8A3C2D.tmp' to '../../../../../../Users/games/Documents/Unreal Projects/AdvancedLocomotionSystemV/Saved/Autosaves/Game/AdvancedLocomotionV3/Maps/ALSV3_DemoLevel_SP_Auto4.umap'
[2019.04.05-21.04.21:344][284]LogFileHelpers: Editor autosave (incl. sublevels) for '/Game/AdvancedLocomotionV3/Maps/ALSV3_DemoLevel_SP' took 0.685
[2019.04.05-21.04.21:344][284]LogFileHelpers: Editor autosave (incl. sublevels) for all levels took 0.685
[2019.04.05-21.04.21:347][284]OBJ SavePackage: Generating thumbnails for [0] asset(s) in package [/Game/AdvancedLocomotionV3/Blueprints/ALS_BaseCharacter] ([1] browsable assets)...
[2019.04.05-21.04.21:347][284]OBJ SavePackage: Finished generating thumbnails for package [/Game/AdvancedLocomotionV3/Blueprints/ALS_BaseCharacter]
[2019.04.05-21.04.22:392][284]LogSavePackage: Moving '../../../../../../Users/games/Documents/Unreal Projects/AdvancedLocomotionSystemV/Saved/ALS_BaseCharacter_Auto4453951E94F36631FCB09E68D80AB7AB0.tmp' to '../../../../../../Users/games/Documents/Unreal Projects/AdvancedLocomotionSystemV/Saved/Autosaves/Game/AdvancedLocomotionV3/Blueprints/ALS_BaseCharacter_Auto4.uasset'
[2019.04.05-21.04.22:393][284]OBJ SavePackage: Generating thumbnails for [1] asset(s) in package [/Game/AdvancedLocomotionV3/Blueprints/MannequinCharacter] ([1] browsable assets)...
[2019.04.05-21.04.22:418][284]OBJ SavePackage:     Rendered thumbnail for [Blueprint /Game/AdvancedLocomotionV3/Blueprints/MannequinCharacter.MannequinCharacter]
[2019.04.05-21.04.22:418][284]OBJ SavePackage: Finished generating thumbnails for package [/Game/AdvancedLocomotionV3/Blueprints/MannequinCharacter]
[2019.04.05-21.04.22:449][284]LogSavePackage: Moving '../../../../../../Users/games/Documents/Unreal Projects/AdvancedLocomotionSystemV/Saved/MannequinCharacter_Auto4EF624A2349C48C048853598335B8B1E6.tmp' to '../../../../../../Users/games/Documents/Unreal Projects/AdvancedLocomotionSystemV/Saved/Autosaves/Game/AdvancedLocomotionV3/Blueprints/MannequinCharacter_Auto4.uasset'
[2019.04.05-21.04.22:450][284]LogFileHelpers: Auto-saving content packages took 1.105
[2019.04.05-21.26.36:392][540]LogAssetEditorManager: Opening Asset editor for WidgetBlueprint /Game/AdvancedLocomotionV3/Blueprints/UMG/MainMenu.MainMenu
[2019.04.05-21.31.39:169][547]LogAudio: Warning: Current Audio Device with ID {0.0.0.00000000}.{42e1c91c-2dbf-4698-8e9e-d931bee585b9} was removed. Shutting down audio device.
[2019.04.05-21.31.39:169][547]LogInit: XAudio2 using 'Speakers (High Definition Audio Device)' : 2 channels at 44.1 kHz using 16 bits per sample (channel mask 0x3)
[2019.04.05-21.37.27:330][579]LogD3D11RHI: Timed out while waiting for GPU to catch up. (500 ms)
[2019.04.05-21.37.50:166][647]LogD3D11RHI: Timed out while waiting for GPU to catch up. (500 ms)
[2019.04.05-21.37.50:502][648]LogD3D11RHI: Timed out while waiting for GPU to catch up. (500 ms)
[2019.04.05-21.37.50:995][649]LogD3D11RHI: Timed out while waiting for GPU to catch up. (500 ms)
[2019.04.05-21.37.51:496][650]LogD3D11RHI: Timed out while waiting for GPU to catch up. (500 ms)
[2019.04.05-23.55.40:532][363]LogD3D11RHI: Timed out while waiting for GPU to catch up. (500 ms)
[2019.04.05-23.55.40:869][364]LogD3D11RHI: Timed out while waiting for GPU to catch up. (500 ms)
[2019.04.05-23.55.41:369][365]LogD3D11RHI: Timed out while waiting for GPU to catch up. (500 ms)
[2019.04.05-23.55.41:869][366]LogD3D11RHI: Timed out while waiting for GPU to catch up. (500 ms)
[2019.04.05-23.55.42:369][367]LogD3D11RHI: Timed out while waiting for GPU to catch up. (500 ms)
[2019.04.05-23.55.43:381][371]LogD3D11RHI: Timed out while waiting for GPU to catch up. (500 ms)
[2019.04.05-23.55.43:717][372]LogD3D11RHI: Timed out while waiting for GPU to catch up. (500 ms)
